2019-04-26 12:53:39.183 [main] INFO  cn.myshop.MyshopApplication - Starting MyshopApplication on CN5CG839314H with PID 81956 (C:\Users\ychen205\IdeaProjects\myshop\target\classes started by ychen205 in C:\Users\ychen205\IdeaProjects\myshop)
2019-04-26 12:53:39.196 [main] INFO  cn.myshop.MyshopApplication - No active profile set, falling back to default profiles: default
2019-04-26 12:53:41.353 [main] INFO  o.s.boot.web.embedded.tomcat.TomcatWebServer - Tomcat initialized with port(s): 8084 (http)
2019-04-26 12:53:41.378 [main] INFO  org.apache.coyote.http11.Http11NioProtocol - Initializing ProtocolHandler ["http-nio-8084"]
2019-04-26 12:53:41.392 [main] INFO  org.apache.catalina.core.StandardService - Starting service [Tomcat]
2019-04-26 12:53:41.393 [main] INFO  org.apache.catalina.core.StandardEngine - Starting Servlet engine: [Apache Tomcat/9.0.16]
2019-04-26 12:53:41.403 [main] INFO  org.apache.catalina.core.AprLifecycleListener - The APR based Apache Tomcat Native library which allows optimal performance in production environments was not found on the java.library.path: [C:\Program Files\Java\jdk1.8.0_191\bin;C:\windows\Sun\Java\bin;C:\windows\system32;C:\windows;C:\Program Files (x86)\Common Files\Oracle\Java\javapath;C:\windows\system32;C:\windows;C:\windows\System32\Wbem;C:\windows\System32\WindowsPowerShell\v1.0\;C:\Program Files (x86)\Symantec\VIP Access Client\;C:\Program Files\Java\jdk1.8.0_191\bin;C:\Program Files\Java\jdk1.8.0_191\jre\bin;C:\Program Files\MySQL\MySQL Server 5.5\bin;C:\Maven\apache-maven-3.6.0\bin;C:\Tools\Tool_git\Git\cmd;C:\Tools\Python\Python37\Scripts\;C:\Tools\Python\Python37\;C:\Users\ychen205\AppData\Local\Microsoft\WindowsApps;;C:\Program Files\JetBrains\IntelliJ IDEA 2018.3.1\bin;;.]
2019-04-26 12:53:41.711 [main] INFO  o.a.c.core.ContainerBase.[Tomcat].[localhost].[/] - Initializing Spring embedded WebApplicationContext
2019-04-26 12:53:41.711 [main] INFO  org.springframework.web.context.ContextLoader - Root WebApplicationContext: initialization completed in 2417 ms
2019-04-26 12:53:42.319 [main] INFO  o.s.scheduling.concurrent.ThreadPoolTaskExecutor - Initializing ExecutorService 'applicationTaskExecutor'
2019-04-26 12:53:42.615 [main] INFO  org.apache.coyote.http11.Http11NioProtocol - Starting ProtocolHandler ["http-nio-8084"]
2019-04-26 12:53:42.711 [main] INFO  o.s.boot.web.embedded.tomcat.TomcatWebServer - Tomcat started on port(s): 8084 (http) with context path ''
2019-04-26 12:53:42.716 [main] INFO  cn.myshop.MyshopApplication - Started MyshopApplication in 4.578 seconds (JVM running for 6.191)
2019-04-26 14:23:50.806 [http-nio-8084-exec-1] INFO  o.a.c.core.ContainerBase.[Tomcat].[localhost].[/] - Initializing Spring DispatcherServlet 'dispatcherServlet'
2019-04-26 14:23:50.812 [http-nio-8084-exec-1] INFO  org.springframework.web.servlet.DispatcherServlet - Initializing Servlet 'dispatcherServlet'
2019-04-26 14:23:50.843 [http-nio-8084-exec-1] INFO  org.springframework.web.servlet.DispatcherServlet - Completed initialization in 30 ms
2019-04-26 14:23:55.913 [http-nio-8084-exec-4] INFO  com.zaxxer.hikari.HikariDataSource - HikariPool-1 - Starting...
2019-04-26 14:23:56.082 [http-nio-8084-exec-4] INFO  com.zaxxer.hikari.HikariDataSource - HikariPool-1 - Start completed.
2019-04-26 14:35:46.795 [main] INFO  cn.myshop.MyshopApplication - Starting MyshopApplication on CN5CG839314H with PID 32356 (C:\Users\ychen205\IdeaProjects\myshop\target\classes started by ychen205 in C:\Users\ychen205\IdeaProjects\myshop)
2019-04-26 14:35:46.799 [main] INFO  cn.myshop.MyshopApplication - No active profile set, falling back to default profiles: default
2019-04-26 14:35:48.351 [main] INFO  o.s.boot.web.embedded.tomcat.TomcatWebServer - Tomcat initialized with port(s): 8084 (http)
2019-04-26 14:35:48.367 [main] INFO  org.apache.coyote.http11.Http11NioProtocol - Initializing ProtocolHandler ["http-nio-8084"]
2019-04-26 14:35:48.377 [main] INFO  org.apache.catalina.core.StandardService - Starting service [Tomcat]
2019-04-26 14:35:48.378 [main] INFO  org.apache.catalina.core.StandardEngine - Starting Servlet engine: [Apache Tomcat/9.0.16]
2019-04-26 14:35:48.386 [main] INFO  org.apache.catalina.core.AprLifecycleListener - The APR based Apache Tomcat Native library which allows optimal performance in production environments was not found on the java.library.path: [C:\Program Files\Java\jdk1.8.0_191\bin;C:\windows\Sun\Java\bin;C:\windows\system32;C:\windows;C:\Program Files (x86)\Common Files\Oracle\Java\javapath;C:\windows\system32;C:\windows;C:\windows\System32\Wbem;C:\windows\System32\WindowsPowerShell\v1.0\;C:\Program Files (x86)\Symantec\VIP Access Client\;C:\Program Files\Java\jdk1.8.0_191\bin;C:\Program Files\Java\jdk1.8.0_191\jre\bin;C:\Program Files\MySQL\MySQL Server 5.5\bin;C:\Maven\apache-maven-3.6.0\bin;C:\Tools\Tool_git\Git\cmd;C:\Tools\Python\Python37\Scripts\;C:\Tools\Python\Python37\;C:\Users\ychen205\AppData\Local\Microsoft\WindowsApps;;C:\Program Files\JetBrains\IntelliJ IDEA 2018.3.1\bin;;.]
2019-04-26 14:35:48.582 [main] INFO  o.a.c.core.ContainerBase.[Tomcat].[localhost].[/] - Initializing Spring embedded WebApplicationContext
2019-04-26 14:35:48.583 [main] INFO  org.springframework.web.context.ContextLoader - Root WebApplicationContext: initialization completed in 1724 ms
2019-04-26 14:35:49.032 [main] INFO  o.s.scheduling.concurrent.ThreadPoolTaskExecutor - Initializing ExecutorService 'applicationTaskExecutor'
2019-04-26 14:35:49.317 [main] INFO  org.apache.coyote.http11.Http11NioProtocol - Starting ProtocolHandler ["http-nio-8084"]
2019-04-26 14:35:49.421 [main] INFO  o.s.boot.web.embedded.tomcat.TomcatWebServer - Tomcat started on port(s): 8084 (http) with context path ''
2019-04-26 14:35:49.425 [main] INFO  cn.myshop.MyshopApplication - Started MyshopApplication in 3.177 seconds (JVM running for 4.35)
2019-04-26 14:37:10.725 [http-nio-8084-exec-1] INFO  o.a.c.core.ContainerBase.[Tomcat].[localhost].[/] - Initializing Spring DispatcherServlet 'dispatcherServlet'
2019-04-26 14:37:10.726 [http-nio-8084-exec-1] INFO  org.springframework.web.servlet.DispatcherServlet - Initializing Servlet 'dispatcherServlet'
2019-04-26 14:37:10.735 [http-nio-8084-exec-1] INFO  org.springframework.web.servlet.DispatcherServlet - Completed initialization in 9 ms
2019-04-26 14:37:12.506 [http-nio-8084-exec-3] INFO  com.zaxxer.hikari.HikariDataSource - HikariPool-1 - Starting...
2019-04-26 14:37:12.617 [http-nio-8084-exec-3] INFO  com.zaxxer.hikari.HikariDataSource - HikariPool-1 - Start completed.
2019-04-26 14:38:04.304 [main] INFO  cn.myshop.MyshopApplication - Starting MyshopApplication on CN5CG839314H with PID 94028 (C:\Users\ychen205\IdeaProjects\myshop\target\classes started by ychen205 in C:\Users\ychen205\IdeaProjects\myshop)
2019-04-26 14:38:04.309 [main] INFO  cn.myshop.MyshopApplication - No active profile set, falling back to default profiles: default
2019-04-26 14:38:05.900 [main] INFO  o.s.boot.web.embedded.tomcat.TomcatWebServer - Tomcat initialized with port(s): 8084 (http)
2019-04-26 14:38:05.915 [main] INFO  org.apache.coyote.http11.Http11NioProtocol - Initializing ProtocolHandler ["http-nio-8084"]
2019-04-26 14:38:05.924 [main] INFO  org.apache.catalina.core.StandardService - Starting service [Tomcat]
2019-04-26 14:38:05.925 [main] INFO  org.apache.catalina.core.StandardEngine - Starting Servlet engine: [Apache Tomcat/9.0.16]
2019-04-26 14:38:05.931 [main] INFO  org.apache.catalina.core.AprLifecycleListener - The APR based Apache Tomcat Native library which allows optimal performance in production environments was not found on the java.library.path: [C:\Program Files\Java\jdk1.8.0_191\bin;C:\windows\Sun\Java\bin;C:\windows\system32;C:\windows;C:\Program Files (x86)\Common Files\Oracle\Java\javapath;C:\windows\system32;C:\windows;C:\windows\System32\Wbem;C:\windows\System32\WindowsPowerShell\v1.0\;C:\Program Files (x86)\Symantec\VIP Access Client\;C:\Program Files\Java\jdk1.8.0_191\bin;C:\Program Files\Java\jdk1.8.0_191\jre\bin;C:\Program Files\MySQL\MySQL Server 5.5\bin;C:\Maven\apache-maven-3.6.0\bin;C:\Tools\Tool_git\Git\cmd;C:\Tools\Python\Python37\Scripts\;C:\Tools\Python\Python37\;C:\Users\ychen205\AppData\Local\Microsoft\WindowsApps;;C:\Program Files\JetBrains\IntelliJ IDEA 2018.3.1\bin;;.]
2019-04-26 14:38:06.104 [main] INFO  o.a.c.core.ContainerBase.[Tomcat].[localhost].[/] - Initializing Spring embedded WebApplicationContext
2019-04-26 14:38:06.104 [main] INFO  org.springframework.web.context.ContextLoader - Root WebApplicationContext: initialization completed in 1733 ms
2019-04-26 14:38:06.540 [main] INFO  o.s.scheduling.concurrent.ThreadPoolTaskExecutor - Initializing ExecutorService 'applicationTaskExecutor'
2019-04-26 14:38:06.859 [main] INFO  org.apache.coyote.http11.Http11NioProtocol - Starting ProtocolHandler ["http-nio-8084"]
2019-04-26 14:38:06.959 [main] INFO  o.s.boot.web.embedded.tomcat.TomcatWebServer - Tomcat started on port(s): 8084 (http) with context path ''
2019-04-26 14:38:06.963 [main] INFO  cn.myshop.MyshopApplication - Started MyshopApplication in 3.189 seconds (JVM running for 4.385)
2019-04-26 14:38:26.858 [http-nio-8084-exec-1] INFO  o.a.c.core.ContainerBase.[Tomcat].[localhost].[/] - Initializing Spring DispatcherServlet 'dispatcherServlet'
2019-04-26 14:38:26.858 [http-nio-8084-exec-1] INFO  org.springframework.web.servlet.DispatcherServlet - Initializing Servlet 'dispatcherServlet'
2019-04-26 14:38:26.865 [http-nio-8084-exec-1] INFO  org.springframework.web.servlet.DispatcherServlet - Completed initialization in 7 ms
2019-04-26 14:38:28.291 [http-nio-8084-exec-3] INFO  com.zaxxer.hikari.HikariDataSource - HikariPool-1 - Starting...
2019-04-26 14:38:28.405 [http-nio-8084-exec-3] INFO  com.zaxxer.hikari.HikariDataSource - HikariPool-1 - Start completed.
2019-04-26 14:39:02.234 [main] INFO  cn.myshop.MyshopApplication - Starting MyshopApplication on CN5CG839314H with PID 84468 (C:\Users\ychen205\IdeaProjects\myshop\target\classes started by ychen205 in C:\Users\ychen205\IdeaProjects\myshop)
2019-04-26 14:39:02.239 [main] INFO  cn.myshop.MyshopApplication - No active profile set, falling back to default profiles: default
2019-04-26 14:39:04.500 [main] INFO  o.s.boot.web.embedded.tomcat.TomcatWebServer - Tomcat initialized with port(s): 8084 (http)
2019-04-26 14:39:04.522 [main] INFO  org.apache.coyote.http11.Http11NioProtocol - Initializing ProtocolHandler ["http-nio-8084"]
2019-04-26 14:39:04.534 [main] INFO  org.apache.catalina.core.StandardService - Starting service [Tomcat]
2019-04-26 14:39:04.534 [main] INFO  org.apache.catalina.core.StandardEngine - Starting Servlet engine: [Apache Tomcat/9.0.16]
2019-04-26 14:39:04.544 [main] INFO  org.apache.catalina.core.AprLifecycleListener - The APR based Apache Tomcat Native library which allows optimal performance in production environments was not found on the java.library.path: [C:\Program Files\Java\jdk1.8.0_191\bin;C:\windows\Sun\Java\bin;C:\windows\system32;C:\windows;C:\Program Files (x86)\Common Files\Oracle\Java\javapath;C:\windows\system32;C:\windows;C:\windows\System32\Wbem;C:\windows\System32\WindowsPowerShell\v1.0\;C:\Program Files (x86)\Symantec\VIP Access Client\;C:\Program Files\Java\jdk1.8.0_191\bin;C:\Program Files\Java\jdk1.8.0_191\jre\bin;C:\Program Files\MySQL\MySQL Server 5.5\bin;C:\Maven\apache-maven-3.6.0\bin;C:\Tools\Tool_git\Git\cmd;C:\Tools\Python\Python37\Scripts\;C:\Tools\Python\Python37\;C:\Users\ychen205\AppData\Local\Microsoft\WindowsApps;;C:\Program Files\JetBrains\IntelliJ IDEA 2018.3.1\bin;;.]
2019-04-26 14:39:04.783 [main] INFO  o.a.c.core.ContainerBase.[Tomcat].[localhost].[/] - Initializing Spring embedded WebApplicationContext
2019-04-26 14:39:04.784 [main] INFO  org.springframework.web.context.ContextLoader - Root WebApplicationContext: initialization completed in 2493 ms
2019-04-26 14:39:05.293 [main] INFO  o.s.scheduling.concurrent.ThreadPoolTaskExecutor - Initializing ExecutorService 'applicationTaskExecutor'
2019-04-26 14:39:05.666 [main] INFO  org.apache.coyote.http11.Http11NioProtocol - Starting ProtocolHandler ["http-nio-8084"]
2019-04-26 14:39:05.789 [main] INFO  o.s.boot.web.embedded.tomcat.TomcatWebServer - Tomcat started on port(s): 8084 (http) with context path ''
2019-04-26 14:39:05.794 [main] INFO  cn.myshop.MyshopApplication - Started MyshopApplication in 4.132 seconds (JVM running for 5.298)
2019-04-26 14:39:17.596 [http-nio-8084-exec-2] INFO  o.a.c.core.ContainerBase.[Tomcat].[localhost].[/] - Initializing Spring DispatcherServlet 'dispatcherServlet'
2019-04-26 14:39:17.597 [http-nio-8084-exec-2] INFO  org.springframework.web.servlet.DispatcherServlet - Initializing Servlet 'dispatcherServlet'
2019-04-26 14:39:17.604 [http-nio-8084-exec-2] INFO  org.springframework.web.servlet.DispatcherServlet - Completed initialization in 7 ms
2019-04-26 14:39:19.589 [http-nio-8084-exec-3] INFO  com.zaxxer.hikari.HikariDataSource - HikariPool-1 - Starting...
2019-04-26 14:39:19.705 [http-nio-8084-exec-3] INFO  com.zaxxer.hikari.HikariDataSource - HikariPool-1 - Start completed.
2019-04-26 15:07:03.441 [main] INFO  cn.myshop.MyshopApplication - Starting MyshopApplication on CN5CG839314H with PID 52996 (C:\Users\ychen205\IdeaProjects\myshop\target\classes started by ychen205 in C:\Users\ychen205\IdeaProjects\myshop)
2019-04-26 15:07:03.446 [main] INFO  cn.myshop.MyshopApplication - No active profile set, falling back to default profiles: default
2019-04-26 15:07:04.959 [main] INFO  o.s.boot.web.embedded.tomcat.TomcatWebServer - Tomcat initialized with port(s): 8084 (http)
2019-04-26 15:07:04.974 [main] INFO  org.apache.coyote.http11.Http11NioProtocol - Initializing ProtocolHandler ["http-nio-8084"]
2019-04-26 15:07:04.986 [main] INFO  org.apache.catalina.core.StandardService - Starting service [Tomcat]
2019-04-26 15:07:04.987 [main] INFO  org.apache.catalina.core.StandardEngine - Starting Servlet engine: [Apache Tomcat/9.0.16]
2019-04-26 15:07:04.995 [main] INFO  org.apache.catalina.core.AprLifecycleListener - The APR based Apache Tomcat Native library which allows optimal performance in production environments was not found on the java.library.path: [C:\Program Files\Java\jdk1.8.0_191\bin;C:\windows\Sun\Java\bin;C:\windows\system32;C:\windows;C:\Program Files (x86)\Common Files\Oracle\Java\javapath;C:\windows\system32;C:\windows;C:\windows\System32\Wbem;C:\windows\System32\WindowsPowerShell\v1.0\;C:\Program Files (x86)\Symantec\VIP Access Client\;C:\Program Files\Java\jdk1.8.0_191\bin;C:\Program Files\Java\jdk1.8.0_191\jre\bin;C:\Program Files\MySQL\MySQL Server 5.5\bin;C:\Maven\apache-maven-3.6.0\bin;C:\Tools\Tool_git\Git\cmd;C:\Tools\Python\Python37\Scripts\;C:\Tools\Python\Python37\;C:\Users\ychen205\AppData\Local\Microsoft\WindowsApps;;C:\Program Files\JetBrains\IntelliJ IDEA 2018.3.1\bin;;.]
2019-04-26 15:07:05.169 [main] INFO  o.a.c.core.ContainerBase.[Tomcat].[localhost].[/] - Initializing Spring embedded WebApplicationContext
2019-04-26 15:07:05.170 [main] INFO  org.springframework.web.context.ContextLoader - Root WebApplicationContext: initialization completed in 1667 ms
2019-04-26 15:07:05.587 [main] INFO  o.s.scheduling.concurrent.ThreadPoolTaskExecutor - Initializing ExecutorService 'applicationTaskExecutor'
2019-04-26 15:07:05.864 [main] INFO  org.apache.coyote.http11.Http11NioProtocol - Starting ProtocolHandler ["http-nio-8084"]
2019-04-26 15:07:05.973 [main] INFO  o.s.boot.web.embedded.tomcat.TomcatWebServer - Tomcat started on port(s): 8084 (http) with context path ''
2019-04-26 15:07:05.978 [main] INFO  cn.myshop.MyshopApplication - Started MyshopApplication in 3.094 seconds (JVM running for 4.381)
2019-04-26 15:07:30.540 [http-nio-8084-exec-1] INFO  o.a.c.core.ContainerBase.[Tomcat].[localhost].[/] - Initializing Spring DispatcherServlet 'dispatcherServlet'
2019-04-26 15:07:30.541 [http-nio-8084-exec-1] INFO  org.springframework.web.servlet.DispatcherServlet - Initializing Servlet 'dispatcherServlet'
2019-04-26 15:07:30.548 [http-nio-8084-exec-1] INFO  org.springframework.web.servlet.DispatcherServlet - Completed initialization in 7 ms
2019-04-26 15:07:32.158 [http-nio-8084-exec-3] INFO  com.zaxxer.hikari.HikariDataSource - HikariPool-1 - Starting...
2019-04-26 15:07:32.266 [http-nio-8084-exec-3] INFO  com.zaxxer.hikari.HikariDataSource - HikariPool-1 - Start completed.
2019-04-26 15:14:54.350 [main] INFO  cn.myshop.MyshopApplication - Starting MyshopApplication on CN5CG839314H with PID 25836 (C:\Users\ychen205\IdeaProjects\myshop\target\classes started by ychen205 in C:\Users\ychen205\IdeaProjects\myshop)
2019-04-26 15:14:54.354 [main] INFO  cn.myshop.MyshopApplication - No active profile set, falling back to default profiles: default
2019-04-26 15:14:56.096 [main] INFO  o.s.boot.web.embedded.tomcat.TomcatWebServer - Tomcat initialized with port(s): 8084 (http)
2019-04-26 15:14:56.117 [main] INFO  org.apache.coyote.http11.Http11NioProtocol - Initializing ProtocolHandler ["http-nio-8084"]
2019-04-26 15:14:56.131 [main] INFO  org.apache.catalina.core.StandardService - Starting service [Tomcat]
2019-04-26 15:14:56.132 [main] INFO  org.apache.catalina.core.StandardEngine - Starting Servlet engine: [Apache Tomcat/9.0.16]
2019-04-26 15:14:56.140 [main] INFO  org.apache.catalina.core.AprLifecycleListener - The APR based Apache Tomcat Native library which allows optimal performance in production environments was not found on the java.library.path: [C:\Program Files\Java\jdk1.8.0_191\bin;C:\windows\Sun\Java\bin;C:\windows\system32;C:\windows;C:\Program Files (x86)\Common Files\Oracle\Java\javapath;C:\windows\system32;C:\windows;C:\windows\System32\Wbem;C:\windows\System32\WindowsPowerShell\v1.0\;C:\Program Files (x86)\Symantec\VIP Access Client\;C:\Program Files\Java\jdk1.8.0_191\bin;C:\Program Files\Java\jdk1.8.0_191\jre\bin;C:\Program Files\MySQL\MySQL Server 5.5\bin;C:\Maven\apache-maven-3.6.0\bin;C:\Tools\Tool_git\Git\cmd;C:\Tools\Python\Python37\Scripts\;C:\Tools\Python\Python37\;C:\Users\ychen205\AppData\Local\Microsoft\WindowsApps;;C:\Program Files\JetBrains\IntelliJ IDEA 2018.3.1\bin;;.]
2019-04-26 15:14:56.322 [main] INFO  o.a.c.core.ContainerBase.[Tomcat].[localhost].[/] - Initializing Spring embedded WebApplicationContext
2019-04-26 15:14:56.324 [main] INFO  org.springframework.web.context.ContextLoader - Root WebApplicationContext: initialization completed in 1906 ms
2019-04-26 15:14:56.766 [main] INFO  o.s.scheduling.concurrent.ThreadPoolTaskExecutor - Initializing ExecutorService 'applicationTaskExecutor'
2019-04-26 15:14:57.025 [main] INFO  org.apache.coyote.http11.Http11NioProtocol - Starting ProtocolHandler ["http-nio-8084"]
2019-04-26 15:14:57.136 [main] INFO  o.s.boot.web.embedded.tomcat.TomcatWebServer - Tomcat started on port(s): 8084 (http) with context path ''
2019-04-26 15:14:57.141 [main] INFO  cn.myshop.MyshopApplication - Started MyshopApplication in 3.355 seconds (JVM running for 4.566)
2019-04-26 15:15:34.699 [http-nio-8084-exec-1] INFO  o.a.c.core.ContainerBase.[Tomcat].[localhost].[/] - Initializing Spring DispatcherServlet 'dispatcherServlet'
2019-04-26 15:15:34.699 [http-nio-8084-exec-1] INFO  org.springframework.web.servlet.DispatcherServlet - Initializing Servlet 'dispatcherServlet'
2019-04-26 15:15:34.706 [http-nio-8084-exec-1] INFO  org.springframework.web.servlet.DispatcherServlet - Completed initialization in 7 ms
2019-04-26 15:15:36.199 [http-nio-8084-exec-3] INFO  com.zaxxer.hikari.HikariDataSource - HikariPool-1 - Starting...
2019-04-26 15:15:36.310 [http-nio-8084-exec-3] INFO  com.zaxxer.hikari.HikariDataSource - HikariPool-1 - Start completed.
2019-04-26 15:22:23.854 [main] INFO  cn.myshop.MyshopApplication - Starting MyshopApplication on CN5CG839314H with PID 85564 (C:\Users\ychen205\IdeaProjects\myshop\target\classes started by ychen205 in C:\Users\ychen205\IdeaProjects\myshop)
2019-04-26 15:22:23.860 [main] INFO  cn.myshop.MyshopApplication - No active profile set, falling back to default profiles: default
2019-04-26 15:22:25.552 [main] INFO  o.s.boot.web.embedded.tomcat.TomcatWebServer - Tomcat initialized with port(s): 8084 (http)
2019-04-26 15:22:25.569 [main] INFO  org.apache.coyote.http11.Http11NioProtocol - Initializing ProtocolHandler ["http-nio-8084"]
2019-04-26 15:22:25.581 [main] INFO  org.apache.catalina.core.StandardService - Starting service [Tomcat]
2019-04-26 15:22:25.582 [main] INFO  org.apache.catalina.core.StandardEngine - Starting Servlet engine: [Apache Tomcat/9.0.16]
2019-04-26 15:22:25.589 [main] INFO  org.apache.catalina.core.AprLifecycleListener - The APR based Apache Tomcat Native library which allows optimal performance in production environments was not found on the java.library.path: [C:\Program Files\Java\jdk1.8.0_191\bin;C:\windows\Sun\Java\bin;C:\windows\system32;C:\windows;C:\Program Files (x86)\Common Files\Oracle\Java\javapath;C:\windows\system32;C:\windows;C:\windows\System32\Wbem;C:\windows\System32\WindowsPowerShell\v1.0\;C:\Program Files (x86)\Symantec\VIP Access Client\;C:\Program Files\Java\jdk1.8.0_191\bin;C:\Program Files\Java\jdk1.8.0_191\jre\bin;C:\Program Files\MySQL\MySQL Server 5.5\bin;C:\Maven\apache-maven-3.6.0\bin;C:\Tools\Tool_git\Git\cmd;C:\Tools\Python\Python37\Scripts\;C:\Tools\Python\Python37\;C:\Users\ychen205\AppData\Local\Microsoft\WindowsApps;;C:\Program Files\JetBrains\IntelliJ IDEA 2018.3.1\bin;;.]
2019-04-26 15:22:25.770 [main] INFO  o.a.c.core.ContainerBase.[Tomcat].[localhost].[/] - Initializing Spring embedded WebApplicationContext
2019-04-26 15:22:25.771 [main] INFO  org.springframework.web.context.ContextLoader - Root WebApplicationContext: initialization completed in 1830 ms
2019-04-26 15:22:26.222 [main] INFO  o.s.scheduling.concurrent.ThreadPoolTaskExecutor - Initializing ExecutorService 'applicationTaskExecutor'
2019-04-26 15:22:26.485 [main] INFO  org.apache.coyote.http11.Http11NioProtocol - Starting ProtocolHandler ["http-nio-8084"]
2019-04-26 15:22:26.575 [main] INFO  o.s.boot.web.embedded.tomcat.TomcatWebServer - Tomcat started on port(s): 8084 (http) with context path ''
2019-04-26 15:22:26.580 [main] INFO  cn.myshop.MyshopApplication - Started MyshopApplication in 3.353 seconds (JVM running for 4.635)
2019-04-26 15:23:16.403 [http-nio-8084-exec-1] INFO  o.a.c.core.ContainerBase.[Tomcat].[localhost].[/] - Initializing Spring DispatcherServlet 'dispatcherServlet'
2019-04-26 15:23:16.403 [http-nio-8084-exec-1] INFO  org.springframework.web.servlet.DispatcherServlet - Initializing Servlet 'dispatcherServlet'
2019-04-26 15:23:16.410 [http-nio-8084-exec-1] INFO  org.springframework.web.servlet.DispatcherServlet - Completed initialization in 6 ms
2019-04-26 15:23:17.880 [http-nio-8084-exec-3] INFO  com.zaxxer.hikari.HikariDataSource - HikariPool-1 - Starting...
2019-04-26 15:23:18.007 [http-nio-8084-exec-3] INFO  com.zaxxer.hikari.HikariDataSource - HikariPool-1 - Start completed.
2019-04-26 15:30:02.601 [main] INFO  cn.myshop.MyshopApplication - Starting MyshopApplication on CN5CG839314H with PID 21944 (C:\Users\ychen205\IdeaProjects\myshop\target\classes started by ychen205 in C:\Users\ychen205\IdeaProjects\myshop)
2019-04-26 15:30:02.604 [main] INFO  cn.myshop.MyshopApplication - No active profile set, falling back to default profiles: default
2019-04-26 15:30:04.472 [main] INFO  o.s.boot.web.embedded.tomcat.TomcatWebServer - Tomcat initialized with port(s): 8084 (http)
2019-04-26 15:30:04.489 [main] INFO  org.apache.coyote.http11.Http11NioProtocol - Initializing ProtocolHandler ["http-nio-8084"]
2019-04-26 15:30:04.500 [main] INFO  org.apache.catalina.core.StandardService - Starting service [Tomcat]
2019-04-26 15:30:04.500 [main] INFO  org.apache.catalina.core.StandardEngine - Starting Servlet engine: [Apache Tomcat/9.0.16]
2019-04-26 15:30:04.508 [main] INFO  org.apache.catalina.core.AprLifecycleListener - The APR based Apache Tomcat Native library which allows optimal performance in production environments was not found on the java.library.path: [C:\Program Files\Java\jdk1.8.0_191\bin;C:\windows\Sun\Java\bin;C:\windows\system32;C:\windows;C:\Program Files (x86)\Common Files\Oracle\Java\javapath;C:\windows\system32;C:\windows;C:\windows\System32\Wbem;C:\windows\System32\WindowsPowerShell\v1.0\;C:\Program Files (x86)\Symantec\VIP Access Client\;C:\Program Files\Java\jdk1.8.0_191\bin;C:\Program Files\Java\jdk1.8.0_191\jre\bin;C:\Program Files\MySQL\MySQL Server 5.5\bin;C:\Maven\apache-maven-3.6.0\bin;C:\Tools\Tool_git\Git\cmd;C:\Tools\Python\Python37\Scripts\;C:\Tools\Python\Python37\;C:\Users\ychen205\AppData\Local\Microsoft\WindowsApps;;C:\Program Files\JetBrains\IntelliJ IDEA 2018.3.1\bin;;.]
2019-04-26 15:30:04.693 [main] INFO  o.a.c.core.ContainerBase.[Tomcat].[localhost].[/] - Initializing Spring embedded WebApplicationContext
2019-04-26 15:30:04.694 [main] INFO  org.springframework.web.context.ContextLoader - Root WebApplicationContext: initialization completed in 2033 ms
2019-04-26 15:30:05.202 [main] INFO  o.s.scheduling.concurrent.ThreadPoolTaskExecutor - Initializing ExecutorService 'applicationTaskExecutor'
2019-04-26 15:30:05.438 [main] INFO  org.apache.coyote.http11.Http11NioProtocol - Starting ProtocolHandler ["http-nio-8084"]
2019-04-26 15:30:05.534 [main] INFO  o.s.boot.web.embedded.tomcat.TomcatWebServer - Tomcat started on port(s): 8084 (http) with context path ''
2019-04-26 15:30:05.538 [main] INFO  cn.myshop.MyshopApplication - Started MyshopApplication in 3.512 seconds (JVM running for 4.738)
2019-04-26 15:30:07.900 [http-nio-8084-exec-1] INFO  o.a.c.core.ContainerBase.[Tomcat].[localhost].[/] - Initializing Spring DispatcherServlet 'dispatcherServlet'
2019-04-26 15:30:07.901 [http-nio-8084-exec-1] INFO  org.springframework.web.servlet.DispatcherServlet - Initializing Servlet 'dispatcherServlet'
2019-04-26 15:30:07.908 [http-nio-8084-exec-1] INFO  org.springframework.web.servlet.DispatcherServlet - Completed initialization in 7 ms
2019-04-26 15:30:09.470 [http-nio-8084-exec-3] INFO  com.zaxxer.hikari.HikariDataSource - HikariPool-1 - Starting...
2019-04-26 15:30:09.576 [http-nio-8084-exec-3] INFO  com.zaxxer.hikari.HikariDataSource - HikariPool-1 - Start completed.
2019-04-26 15:40:03.493 [main] INFO  cn.myshop.MyshopApplication - Starting MyshopApplication on CN5CG839314H with PID 74584 (C:\Users\ychen205\IdeaProjects\myshop\target\classes started by ychen205 in C:\Users\ychen205\IdeaProjects\myshop)
2019-04-26 15:40:03.497 [main] INFO  cn.myshop.MyshopApplication - No active profile set, falling back to default profiles: default
2019-04-26 15:40:05.351 [main] INFO  o.s.boot.web.embedded.tomcat.TomcatWebServer - Tomcat initialized with port(s): 8084 (http)
2019-04-26 15:40:05.368 [main] INFO  org.apache.coyote.http11.Http11NioProtocol - Initializing ProtocolHandler ["http-nio-8084"]
2019-04-26 15:40:05.379 [main] INFO  org.apache.catalina.core.StandardService - Starting service [Tomcat]
2019-04-26 15:40:05.379 [main] INFO  org.apache.catalina.core.StandardEngine - Starting Servlet engine: [Apache Tomcat/9.0.16]
2019-04-26 15:40:05.387 [main] INFO  org.apache.catalina.core.AprLifecycleListener - The APR based Apache Tomcat Native library which allows optimal performance in production environments was not found on the java.library.path: [C:\Program Files\Java\jdk1.8.0_191\bin;C:\windows\Sun\Java\bin;C:\windows\system32;C:\windows;C:\Program Files (x86)\Common Files\Oracle\Java\javapath;C:\windows\system32;C:\windows;C:\windows\System32\Wbem;C:\windows\System32\WindowsPowerShell\v1.0\;C:\Program Files (x86)\Symantec\VIP Access Client\;C:\Program Files\Java\jdk1.8.0_191\bin;C:\Program Files\Java\jdk1.8.0_191\jre\bin;C:\Program Files\MySQL\MySQL Server 5.5\bin;C:\Maven\apache-maven-3.6.0\bin;C:\Tools\Tool_git\Git\cmd;C:\Tools\Python\Python37\Scripts\;C:\Tools\Python\Python37\;C:\Users\ychen205\AppData\Local\Microsoft\WindowsApps;;C:\Program Files\JetBrains\IntelliJ IDEA 2018.3.1\bin;;.]
2019-04-26 15:40:05.579 [main] INFO  o.a.c.core.ContainerBase.[Tomcat].[localhost].[/] - Initializing Spring embedded WebApplicationContext
2019-04-26 15:40:05.579 [main] INFO  org.springframework.web.context.ContextLoader - Root WebApplicationContext: initialization completed in 2019 ms
2019-04-26 15:40:06.205 [main] INFO  o.s.scheduling.concurrent.ThreadPoolTaskExecutor - Initializing ExecutorService 'applicationTaskExecutor'
2019-04-26 15:40:06.482 [main] INFO  org.apache.coyote.http11.Http11NioProtocol - Starting ProtocolHandler ["http-nio-8084"]
2019-04-26 15:40:06.595 [main] INFO  o.s.boot.web.embedded.tomcat.TomcatWebServer - Tomcat started on port(s): 8084 (http) with context path ''
2019-04-26 15:40:06.598 [main] INFO  cn.myshop.MyshopApplication - Started MyshopApplication in 3.691 seconds (JVM running for 4.899)
2019-04-26 15:40:06.685 [http-nio-8084-exec-2] INFO  o.a.c.core.ContainerBase.[Tomcat].[localhost].[/] - Initializing Spring DispatcherServlet 'dispatcherServlet'
2019-04-26 15:40:06.686 [http-nio-8084-exec-2] INFO  org.springframework.web.servlet.DispatcherServlet - Initializing Servlet 'dispatcherServlet'
2019-04-26 15:40:06.696 [http-nio-8084-exec-2] INFO  org.springframework.web.servlet.DispatcherServlet - Completed initialization in 9 ms
2019-04-26 15:40:10.332 [http-nio-8084-exec-5] INFO  com.zaxxer.hikari.HikariDataSource - HikariPool-1 - Starting...
2019-04-26 15:40:10.457 [http-nio-8084-exec-5] INFO  com.zaxxer.hikari.HikariDataSource - HikariPool-1 - Start completed.
2019-04-26 15:41:43.840 [main] INFO  cn.myshop.MyshopApplication - Starting MyshopApplication on CN5CG839314H with PID 41844 (C:\Users\ychen205\IdeaProjects\myshop\target\classes started by ychen205 in C:\Users\ychen205\IdeaProjects\myshop)
2019-04-26 15:41:43.845 [main] INFO  cn.myshop.MyshopApplication - No active profile set, falling back to default profiles: default
2019-04-26 15:41:45.484 [main] INFO  o.s.boot.web.embedded.tomcat.TomcatWebServer - Tomcat initialized with port(s): 8084 (http)
2019-04-26 15:41:45.500 [main] INFO  org.apache.coyote.http11.Http11NioProtocol - Initializing ProtocolHandler ["http-nio-8084"]
2019-04-26 15:41:45.511 [main] INFO  org.apache.catalina.core.StandardService - Starting service [Tomcat]
2019-04-26 15:41:45.511 [main] INFO  org.apache.catalina.core.StandardEngine - Starting Servlet engine: [Apache Tomcat/9.0.16]
2019-04-26 15:41:45.519 [main] INFO  org.apache.catalina.core.AprLifecycleListener - The APR based Apache Tomcat Native library which allows optimal performance in production environments was not found on the java.library.path: [C:\Program Files\Java\jdk1.8.0_191\bin;C:\windows\Sun\Java\bin;C:\windows\system32;C:\windows;C:\Program Files (x86)\Common Files\Oracle\Java\javapath;C:\windows\system32;C:\windows;C:\windows\System32\Wbem;C:\windows\System32\WindowsPowerShell\v1.0\;C:\Program Files (x86)\Symantec\VIP Access Client\;C:\Program Files\Java\jdk1.8.0_191\bin;C:\Program Files\Java\jdk1.8.0_191\jre\bin;C:\Program Files\MySQL\MySQL Server 5.5\bin;C:\Maven\apache-maven-3.6.0\bin;C:\Tools\Tool_git\Git\cmd;C:\Tools\Python\Python37\Scripts\;C:\Tools\Python\Python37\;C:\Users\ychen205\AppData\Local\Microsoft\WindowsApps;;C:\Program Files\JetBrains\IntelliJ IDEA 2018.3.1\bin;;.]
2019-04-26 15:41:45.702 [main] INFO  o.a.c.core.ContainerBase.[Tomcat].[localhost].[/] - Initializing Spring embedded WebApplicationContext
2019-04-26 15:41:45.702 [main] INFO  org.springframework.web.context.ContextLoader - Root WebApplicationContext: initialization completed in 1795 ms
2019-04-26 15:41:46.146 [main] INFO  o.s.scheduling.concurrent.ThreadPoolTaskExecutor - Initializing ExecutorService 'applicationTaskExecutor'
2019-04-26 15:41:46.389 [main] INFO  org.apache.coyote.http11.Http11NioProtocol - Starting ProtocolHandler ["http-nio-8084"]
2019-04-26 15:41:46.492 [main] INFO  o.s.boot.web.embedded.tomcat.TomcatWebServer - Tomcat started on port(s): 8084 (http) with context path ''
2019-04-26 15:41:46.496 [main] INFO  cn.myshop.MyshopApplication - Started MyshopApplication in 3.266 seconds (JVM running for 4.465)
2019-04-26 15:42:13.405 [http-nio-8084-exec-1] INFO  o.a.c.core.ContainerBase.[Tomcat].[localhost].[/] - Initializing Spring DispatcherServlet 'dispatcherServlet'
2019-04-26 15:42:13.406 [http-nio-8084-exec-1] INFO  org.springframework.web.servlet.DispatcherServlet - Initializing Servlet 'dispatcherServlet'
2019-04-26 15:42:13.413 [http-nio-8084-exec-1] INFO  org.springframework.web.servlet.DispatcherServlet - Completed initialization in 7 ms
2019-04-26 15:42:16.027 [http-nio-8084-exec-3] INFO  com.zaxxer.hikari.HikariDataSource - HikariPool-1 - Starting...
2019-04-26 15:42:16.149 [http-nio-8084-exec-3] INFO  com.zaxxer.hikari.HikariDataSource - HikariPool-1 - Start completed.
2019-04-26 15:49:43.497 [main] INFO  cn.myshop.MyshopApplication - Starting MyshopApplication on CN5CG839314H with PID 93124 (C:\Users\ychen205\IdeaProjects\myshop\target\classes started by ychen205 in C:\Users\ychen205\IdeaProjects\myshop)
2019-04-26 15:49:43.501 [main] INFO  cn.myshop.MyshopApplication - No active profile set, falling back to default profiles: default
2019-04-26 15:49:45.733 [main] INFO  o.s.boot.web.embedded.tomcat.TomcatWebServer - Tomcat initialized with port(s): 8084 (http)
2019-04-26 15:49:45.752 [main] INFO  org.apache.coyote.http11.Http11NioProtocol - Initializing ProtocolHandler ["http-nio-8084"]
2019-04-26 15:49:45.766 [main] INFO  org.apache.catalina.core.StandardService - Starting service [Tomcat]
2019-04-26 15:49:45.766 [main] INFO  org.apache.catalina.core.StandardEngine - Starting Servlet engine: [Apache Tomcat/9.0.16]
2019-04-26 15:49:45.774 [main] INFO  org.apache.catalina.core.AprLifecycleListener - The APR based Apache Tomcat Native library which allows optimal performance in production environments was not found on the java.library.path: [C:\Program Files\Java\jdk1.8.0_191\bin;C:\windows\Sun\Java\bin;C:\windows\system32;C:\windows;C:\Program Files (x86)\Common Files\Oracle\Java\javapath;C:\windows\system32;C:\windows;C:\windows\System32\Wbem;C:\windows\System32\WindowsPowerShell\v1.0\;C:\Program Files (x86)\Symantec\VIP Access Client\;C:\Program Files\Java\jdk1.8.0_191\bin;C:\Program Files\Java\jdk1.8.0_191\jre\bin;C:\Program Files\MySQL\MySQL Server 5.5\bin;C:\Maven\apache-maven-3.6.0\bin;C:\Tools\Tool_git\Git\cmd;C:\Tools\Python\Python37\Scripts\;C:\Tools\Python\Python37\;C:\Users\ychen205\AppData\Local\Microsoft\WindowsApps;;C:\Program Files\JetBrains\IntelliJ IDEA 2018.3.1\bin;;.]
2019-04-26 15:49:45.949 [main] INFO  o.a.c.core.ContainerBase.[Tomcat].[localhost].[/] - Initializing Spring embedded WebApplicationContext
2019-04-26 15:49:45.950 [main] INFO  org.springframework.web.context.ContextLoader - Root WebApplicationContext: initialization completed in 2368 ms
2019-04-26 15:49:46.377 [main] INFO  o.s.scheduling.concurrent.ThreadPoolTaskExecutor - Initializing ExecutorService 'applicationTaskExecutor'
2019-04-26 15:49:46.661 [main] INFO  org.apache.coyote.http11.Http11NioProtocol - Starting ProtocolHandler ["http-nio-8084"]
2019-04-26 15:49:46.775 [main] INFO  o.s.boot.web.embedded.tomcat.TomcatWebServer - Tomcat started on port(s): 8084 (http) with context path ''
2019-04-26 15:49:46.780 [main] INFO  cn.myshop.MyshopApplication - Started MyshopApplication in 3.875 seconds (JVM running for 5.059)
2019-04-26 15:49:52.167 [http-nio-8084-exec-1] INFO  o.a.c.core.ContainerBase.[Tomcat].[localhost].[/] - Initializing Spring DispatcherServlet 'dispatcherServlet'
2019-04-26 15:49:52.167 [http-nio-8084-exec-1] INFO  org.springframework.web.servlet.DispatcherServlet - Initializing Servlet 'dispatcherServlet'
2019-04-26 15:49:52.174 [http-nio-8084-exec-1] INFO  org.springframework.web.servlet.DispatcherServlet - Completed initialization in 7 ms
2019-04-26 15:49:53.788 [http-nio-8084-exec-3] INFO  com.zaxxer.hikari.HikariDataSource - HikariPool-1 - Starting...
2019-04-26 15:49:53.901 [http-nio-8084-exec-3] INFO  com.zaxxer.hikari.HikariDataSource - HikariPool-1 - Start completed.
2019-04-26 15:50:29.276 [main] INFO  cn.myshop.MyshopApplication - Starting MyshopApplication on CN5CG839314H with PID 46312 (C:\Users\ychen205\IdeaProjects\myshop\target\classes started by ychen205 in C:\Users\ychen205\IdeaProjects\myshop)
2019-04-26 15:50:29.282 [main] INFO  cn.myshop.MyshopApplication - No active profile set, falling back to default profiles: default
2019-04-26 15:50:30.974 [main] INFO  o.s.boot.web.embedded.tomcat.TomcatWebServer - Tomcat initialized with port(s): 8084 (http)
2019-04-26 15:50:30.991 [main] INFO  org.apache.coyote.http11.Http11NioProtocol - Initializing ProtocolHandler ["http-nio-8084"]
2019-04-26 15:50:31.001 [main] INFO  org.apache.catalina.core.StandardService - Starting service [Tomcat]
2019-04-26 15:50:31.002 [main] INFO  org.apache.catalina.core.StandardEngine - Starting Servlet engine: [Apache Tomcat/9.0.16]
2019-04-26 15:50:31.009 [main] INFO  org.apache.catalina.core.AprLifecycleListener - The APR based Apache Tomcat Native library which allows optimal performance in production environments was not found on the java.library.path: [C:\Program Files\Java\jdk1.8.0_191\bin;C:\windows\Sun\Java\bin;C:\windows\system32;C:\windows;C:\Program Files (x86)\Common Files\Oracle\Java\javapath;C:\windows\system32;C:\windows;C:\windows\System32\Wbem;C:\windows\System32\WindowsPowerShell\v1.0\;C:\Program Files (x86)\Symantec\VIP Access Client\;C:\Program Files\Java\jdk1.8.0_191\bin;C:\Program Files\Java\jdk1.8.0_191\jre\bin;C:\Program Files\MySQL\MySQL Server 5.5\bin;C:\Maven\apache-maven-3.6.0\bin;C:\Tools\Tool_git\Git\cmd;C:\Tools\Python\Python37\Scripts\;C:\Tools\Python\Python37\;C:\Users\ychen205\AppData\Local\Microsoft\WindowsApps;;C:\Program Files\JetBrains\IntelliJ IDEA 2018.3.1\bin;;.]
2019-04-26 15:50:31.190 [main] INFO  o.a.c.core.ContainerBase.[Tomcat].[localhost].[/] - Initializing Spring embedded WebApplicationContext
2019-04-26 15:50:31.190 [main] INFO  org.springframework.web.context.ContextLoader - Root WebApplicationContext: initialization completed in 1832 ms
2019-04-26 15:50:31.801 [main] INFO  o.s.scheduling.concurrent.ThreadPoolTaskExecutor - Initializing ExecutorService 'applicationTaskExecutor'
2019-04-26 15:50:32.187 [main] INFO  org.apache.coyote.http11.Http11NioProtocol - Starting ProtocolHandler ["http-nio-8084"]
2019-04-26 15:50:32.327 [main] INFO  o.s.boot.web.embedded.tomcat.TomcatWebServer - Tomcat started on port(s): 8084 (http) with context path ''
2019-04-26 15:50:32.335 [main] INFO  cn.myshop.MyshopApplication - Started MyshopApplication in 3.682 seconds (JVM running for 4.881)
2019-04-26 15:50:40.799 [http-nio-8084-exec-1] INFO  o.a.c.core.ContainerBase.[Tomcat].[localhost].[/] - Initializing Spring DispatcherServlet 'dispatcherServlet'
2019-04-26 15:50:40.800 [http-nio-8084-exec-1] INFO  org.springframework.web.servlet.DispatcherServlet - Initializing Servlet 'dispatcherServlet'
2019-04-26 15:50:40.807 [http-nio-8084-exec-1] INFO  org.springframework.web.servlet.DispatcherServlet - Completed initialization in 7 ms
2019-04-26 15:50:42.222 [http-nio-8084-exec-3] INFO  com.zaxxer.hikari.HikariDataSource - HikariPool-1 - Starting...
2019-04-26 15:50:42.337 [http-nio-8084-exec-3] INFO  com.zaxxer.hikari.HikariDataSource - HikariPool-1 - Start completed.
2019-04-26 15:51:42.325 [main] INFO  cn.myshop.MyshopApplication - Starting MyshopApplication on CN5CG839314H with PID 31216 (C:\Users\ychen205\IdeaProjects\myshop\target\classes started by ychen205 in C:\Users\ychen205\IdeaProjects\myshop)
2019-04-26 15:51:42.328 [main] INFO  cn.myshop.MyshopApplication - No active profile set, falling back to default profiles: default
2019-04-26 15:51:43.994 [main] INFO  o.s.boot.web.embedded.tomcat.TomcatWebServer - Tomcat initialized with port(s): 8084 (http)
2019-04-26 15:51:44.014 [main] INFO  org.apache.coyote.http11.Http11NioProtocol - Initializing ProtocolHandler ["http-nio-8084"]
2019-04-26 15:51:44.025 [main] INFO  org.apache.catalina.core.StandardService - Starting service [Tomcat]
2019-04-26 15:51:44.025 [main] INFO  org.apache.catalina.core.StandardEngine - Starting Servlet engine: [Apache Tomcat/9.0.16]
2019-04-26 15:51:44.033 [main] INFO  org.apache.catalina.core.AprLifecycleListener - The APR based Apache Tomcat Native library which allows optimal performance in production environments was not found on the java.library.path: [C:\Program Files\Java\jdk1.8.0_191\bin;C:\windows\Sun\Java\bin;C:\windows\system32;C:\windows;C:\Program Files (x86)\Common Files\Oracle\Java\javapath;C:\windows\system32;C:\windows;C:\windows\System32\Wbem;C:\windows\System32\WindowsPowerShell\v1.0\;C:\Program Files (x86)\Symantec\VIP Access Client\;C:\Program Files\Java\jdk1.8.0_191\bin;C:\Program Files\Java\jdk1.8.0_191\jre\bin;C:\Program Files\MySQL\MySQL Server 5.5\bin;C:\Maven\apache-maven-3.6.0\bin;C:\Tools\Tool_git\Git\cmd;C:\Tools\Python\Python37\Scripts\;C:\Tools\Python\Python37\;C:\Users\ychen205\AppData\Local\Microsoft\WindowsApps;;C:\Program Files\JetBrains\IntelliJ IDEA 2018.3.1\bin;;.]
2019-04-26 15:51:44.221 [main] INFO  o.a.c.core.ContainerBase.[Tomcat].[localhost].[/] - Initializing Spring embedded WebApplicationContext
2019-04-26 15:51:44.222 [main] INFO  org.springframework.web.context.ContextLoader - Root WebApplicationContext: initialization completed in 1839 ms
2019-04-26 15:51:44.699 [main] INFO  o.s.scheduling.concurrent.ThreadPoolTaskExecutor - Initializing ExecutorService 'applicationTaskExecutor'
2019-04-26 15:51:45.066 [main] INFO  org.apache.coyote.http11.Http11NioProtocol - Starting ProtocolHandler ["http-nio-8084"]
2019-04-26 15:51:45.099 [main] INFO  o.s.boot.web.embedded.tomcat.TomcatWebServer - Tomcat started on port(s): 8084 (http) with context path ''
2019-04-26 15:51:45.103 [main] INFO  cn.myshop.MyshopApplication - Started MyshopApplication in 3.361 seconds (JVM running for 4.627)
2019-04-26 15:51:50.637 [http-nio-8084-exec-1] INFO  o.a.c.core.ContainerBase.[Tomcat].[localhost].[/] - Initializing Spring DispatcherServlet 'dispatcherServlet'
2019-04-26 15:51:50.638 [http-nio-8084-exec-1] INFO  org.springframework.web.servlet.DispatcherServlet - Initializing Servlet 'dispatcherServlet'
2019-04-26 15:51:50.645 [http-nio-8084-exec-1] INFO  org.springframework.web.servlet.DispatcherServlet - Completed initialization in 6 ms
2019-04-26 15:51:52.041 [http-nio-8084-exec-3] INFO  com.zaxxer.hikari.HikariDataSource - HikariPool-1 - Starting...
2019-04-26 15:51:52.172 [http-nio-8084-exec-3] INFO  com.zaxxer.hikari.HikariDataSource - HikariPool-1 - Start completed.
2019-04-26 15:52:33.083 [main] INFO  cn.myshop.MyshopApplication - Starting MyshopApplication on CN5CG839314H with PID 88068 (C:\Users\ychen205\IdeaProjects\myshop\target\classes started by ychen205 in C:\Users\ychen205\IdeaProjects\myshop)
2019-04-26 15:52:33.088 [main] INFO  cn.myshop.MyshopApplication - No active profile set, falling back to default profiles: default
2019-04-26 15:52:34.664 [main] INFO  o.s.boot.web.embedded.tomcat.TomcatWebServer - Tomcat initialized with port(s): 8084 (http)
2019-04-26 15:52:34.679 [main] INFO  org.apache.coyote.http11.Http11NioProtocol - Initializing ProtocolHandler ["http-nio-8084"]
2019-04-26 15:52:34.689 [main] INFO  org.apache.catalina.core.StandardService - Starting service [Tomcat]
2019-04-26 15:52:34.689 [main] INFO  org.apache.catalina.core.StandardEngine - Starting Servlet engine: [Apache Tomcat/9.0.16]
2019-04-26 15:52:34.696 [main] INFO  org.apache.catalina.core.AprLifecycleListener - The APR based Apache Tomcat Native library which allows optimal performance in production environments was not found on the java.library.path: [C:\Program Files\Java\jdk1.8.0_191\bin;C:\windows\Sun\Java\bin;C:\windows\system32;C:\windows;C:\Program Files (x86)\Common Files\Oracle\Java\javapath;C:\windows\system32;C:\windows;C:\windows\System32\Wbem;C:\windows\System32\WindowsPowerShell\v1.0\;C:\Program Files (x86)\Symantec\VIP Access Client\;C:\Program Files\Java\jdk1.8.0_191\bin;C:\Program Files\Java\jdk1.8.0_191\jre\bin;C:\Program Files\MySQL\MySQL Server 5.5\bin;C:\Maven\apache-maven-3.6.0\bin;C:\Tools\Tool_git\Git\cmd;C:\Tools\Python\Python37\Scripts\;C:\Tools\Python\Python37\;C:\Users\ychen205\AppData\Local\Microsoft\WindowsApps;;C:\Program Files\JetBrains\IntelliJ IDEA 2018.3.1\bin;;.]
2019-04-26 15:52:34.867 [main] INFO  o.a.c.core.ContainerBase.[Tomcat].[localhost].[/] - Initializing Spring embedded WebApplicationContext
2019-04-26 15:52:34.867 [main] INFO  org.springframework.web.context.ContextLoader - Root WebApplicationContext: initialization completed in 1728 ms
2019-04-26 15:52:35.306 [main] INFO  o.s.scheduling.concurrent.ThreadPoolTaskExecutor - Initializing ExecutorService 'applicationTaskExecutor'
2019-04-26 15:52:35.576 [main] INFO  org.apache.coyote.http11.Http11NioProtocol - Starting ProtocolHandler ["http-nio-8084"]
2019-04-26 15:52:35.662 [main] INFO  o.s.boot.web.embedded.tomcat.TomcatWebServer - Tomcat started on port(s): 8084 (http) with context path ''
2019-04-26 15:52:35.665 [main] INFO  cn.myshop.MyshopApplication - Started MyshopApplication in 3.161 seconds (JVM running for 4.386)
2019-04-26 15:52:41.711 [http-nio-8084-exec-1] INFO  o.a.c.core.ContainerBase.[Tomcat].[localhost].[/] - Initializing Spring DispatcherServlet 'dispatcherServlet'
2019-04-26 15:52:41.712 [http-nio-8084-exec-1] INFO  org.springframework.web.servlet.DispatcherServlet - Initializing Servlet 'dispatcherServlet'
2019-04-26 15:52:41.720 [http-nio-8084-exec-1] INFO  org.springframework.web.servlet.DispatcherServlet - Completed initialization in 8 ms
2019-04-26 15:52:43.071 [http-nio-8084-exec-3] INFO  com.zaxxer.hikari.HikariDataSource - HikariPool-1 - Starting...
2019-04-26 15:52:43.196 [http-nio-8084-exec-3] INFO  com.zaxxer.hikari.HikariDataSource - HikariPool-1 - Start completed.
2019-04-26 15:53:43.523 [main] INFO  cn.myshop.MyshopApplication - Starting MyshopApplication on CN5CG839314H with PID 65992 (C:\Users\ychen205\IdeaProjects\myshop\target\classes started by ychen205 in C:\Users\ychen205\IdeaProjects\myshop)
2019-04-26 15:53:43.527 [main] INFO  cn.myshop.MyshopApplication - No active profile set, falling back to default profiles: default
2019-04-26 15:53:45.211 [main] INFO  o.s.boot.web.embedded.tomcat.TomcatWebServer - Tomcat initialized with port(s): 8084 (http)
2019-04-26 15:53:45.228 [main] INFO  org.apache.coyote.http11.Http11NioProtocol - Initializing ProtocolHandler ["http-nio-8084"]
2019-04-26 15:53:45.238 [main] INFO  org.apache.catalina.core.StandardService - Starting service [Tomcat]
2019-04-26 15:53:45.238 [main] INFO  org.apache.catalina.core.StandardEngine - Starting Servlet engine: [Apache Tomcat/9.0.16]
2019-04-26 15:53:45.245 [main] INFO  org.apache.catalina.core.AprLifecycleListener - The APR based Apache Tomcat Native library which allows optimal performance in production environments was not found on the java.library.path: [C:\Program Files\Java\jdk1.8.0_191\bin;C:\windows\Sun\Java\bin;C:\windows\system32;C:\windows;C:\Program Files (x86)\Common Files\Oracle\Java\javapath;C:\windows\system32;C:\windows;C:\windows\System32\Wbem;C:\windows\System32\WindowsPowerShell\v1.0\;C:\Program Files (x86)\Symantec\VIP Access Client\;C:\Program Files\Java\jdk1.8.0_191\bin;C:\Program Files\Java\jdk1.8.0_191\jre\bin;C:\Program Files\MySQL\MySQL Server 5.5\bin;C:\Maven\apache-maven-3.6.0\bin;C:\Tools\Tool_git\Git\cmd;C:\Tools\Python\Python37\Scripts\;C:\Tools\Python\Python37\;C:\Users\ychen205\AppData\Local\Microsoft\WindowsApps;;C:\Program Files\JetBrains\IntelliJ IDEA 2018.3.1\bin;;.]
2019-04-26 15:53:45.430 [main] INFO  o.a.c.core.ContainerBase.[Tomcat].[localhost].[/] - Initializing Spring embedded WebApplicationContext
2019-04-26 15:53:45.431 [main] INFO  org.springframework.web.context.ContextLoader - Root WebApplicationContext: initialization completed in 1850 ms
2019-04-26 15:53:45.842 [main] INFO  o.s.scheduling.concurrent.ThreadPoolTaskExecutor - Initializing ExecutorService 'applicationTaskExecutor'
2019-04-26 15:53:46.112 [main] INFO  org.apache.coyote.http11.Http11NioProtocol - Starting ProtocolHandler ["http-nio-8084"]
2019-04-26 15:53:46.222 [main] INFO  o.s.boot.web.embedded.tomcat.TomcatWebServer - Tomcat started on port(s): 8084 (http) with context path ''
2019-04-26 15:53:46.225 [main] INFO  cn.myshop.MyshopApplication - Started MyshopApplication in 3.244 seconds (JVM running for 4.445)
2019-04-26 15:54:46.962 [http-nio-8084-exec-1] INFO  o.a.c.core.ContainerBase.[Tomcat].[localhost].[/] - Initializing Spring DispatcherServlet 'dispatcherServlet'
2019-04-26 15:54:46.963 [http-nio-8084-exec-1] INFO  org.springframework.web.servlet.DispatcherServlet - Initializing Servlet 'dispatcherServlet'
2019-04-26 15:54:46.970 [http-nio-8084-exec-1] INFO  org.springframework.web.servlet.DispatcherServlet - Completed initialization in 7 ms
2019-04-26 15:54:48.334 [http-nio-8084-exec-3] INFO  com.zaxxer.hikari.HikariDataSource - HikariPool-1 - Starting...
2019-04-26 15:54:48.454 [http-nio-8084-exec-3] INFO  com.zaxxer.hikari.HikariDataSource - HikariPool-1 - Start completed.
2019-04-26 15:55:54.368 [main] INFO  cn.myshop.MyshopApplication - Starting MyshopApplication on CN5CG839314H with PID 81700 (C:\Users\ychen205\IdeaProjects\myshop\target\classes started by ychen205 in C:\Users\ychen205\IdeaProjects\myshop)
2019-04-26 15:55:54.372 [main] INFO  cn.myshop.MyshopApplication - No active profile set, falling back to default profiles: default
2019-04-26 15:55:55.991 [main] INFO  o.s.boot.web.embedded.tomcat.TomcatWebServer - Tomcat initialized with port(s): 8084 (http)
2019-04-26 15:55:56.008 [main] INFO  org.apache.coyote.http11.Http11NioProtocol - Initializing ProtocolHandler ["http-nio-8084"]
2019-04-26 15:55:56.018 [main] INFO  org.apache.catalina.core.StandardService - Starting service [Tomcat]
2019-04-26 15:55:56.019 [main] INFO  org.apache.catalina.core.StandardEngine - Starting Servlet engine: [Apache Tomcat/9.0.16]
2019-04-26 15:55:56.026 [main] INFO  org.apache.catalina.core.AprLifecycleListener - The APR based Apache Tomcat Native library which allows optimal performance in production environments was not found on the java.library.path: [C:\Program Files\Java\jdk1.8.0_191\bin;C:\windows\Sun\Java\bin;C:\windows\system32;C:\windows;C:\Program Files (x86)\Common Files\Oracle\Java\javapath;C:\windows\system32;C:\windows;C:\windows\System32\Wbem;C:\windows\System32\WindowsPowerShell\v1.0\;C:\Program Files (x86)\Symantec\VIP Access Client\;C:\Program Files\Java\jdk1.8.0_191\bin;C:\Program Files\Java\jdk1.8.0_191\jre\bin;C:\Program Files\MySQL\MySQL Server 5.5\bin;C:\Maven\apache-maven-3.6.0\bin;C:\Tools\Tool_git\Git\cmd;C:\Tools\Python\Python37\Scripts\;C:\Tools\Python\Python37\;C:\Users\ychen205\AppData\Local\Microsoft\WindowsApps;;C:\Program Files\JetBrains\IntelliJ IDEA 2018.3.1\bin;;.]
2019-04-26 15:55:56.202 [main] INFO  o.a.c.core.ContainerBase.[Tomcat].[localhost].[/] - Initializing Spring embedded WebApplicationContext
2019-04-26 15:55:56.203 [main] INFO  org.springframework.web.context.ContextLoader - Root WebApplicationContext: initialization completed in 1763 ms
2019-04-26 15:55:56.678 [main] INFO  o.s.scheduling.concurrent.ThreadPoolTaskExecutor - Initializing ExecutorService 'applicationTaskExecutor'
2019-04-26 15:55:56.928 [main] INFO  org.apache.coyote.http11.Http11NioProtocol - Starting ProtocolHandler ["http-nio-8084"]
2019-04-26 15:55:57.026 [main] INFO  o.s.boot.web.embedded.tomcat.TomcatWebServer - Tomcat started on port(s): 8084 (http) with context path ''
2019-04-26 15:55:57.033 [main] INFO  cn.myshop.MyshopApplication - Started MyshopApplication in 3.211 seconds (JVM running for 4.427)
2019-04-26 15:56:08.920 [http-nio-8084-exec-1] INFO  o.a.c.core.ContainerBase.[Tomcat].[localhost].[/] - Initializing Spring DispatcherServlet 'dispatcherServlet'
2019-04-26 15:56:08.920 [http-nio-8084-exec-1] INFO  org.springframework.web.servlet.DispatcherServlet - Initializing Servlet 'dispatcherServlet'
2019-04-26 15:56:08.928 [http-nio-8084-exec-1] INFO  org.springframework.web.servlet.DispatcherServlet - Completed initialization in 7 ms
2019-04-26 15:56:11.107 [http-nio-8084-exec-3] INFO  com.zaxxer.hikari.HikariDataSource - HikariPool-1 - Starting...
2019-04-26 15:56:11.228 [http-nio-8084-exec-3] INFO  com.zaxxer.hikari.HikariDataSource - HikariPool-1 - Start completed.
2019-04-26 15:56:57.914 [main] INFO  cn.myshop.MyshopApplication - Starting MyshopApplication on CN5CG839314H with PID 61612 (C:\Users\ychen205\IdeaProjects\myshop\target\classes started by ychen205 in C:\Users\ychen205\IdeaProjects\myshop)
2019-04-26 15:56:57.918 [main] INFO  cn.myshop.MyshopApplication - No active profile set, falling back to default profiles: default
2019-04-26 15:56:59.656 [main] INFO  o.s.boot.web.embedded.tomcat.TomcatWebServer - Tomcat initialized with port(s): 8084 (http)
2019-04-26 15:56:59.674 [main] INFO  org.apache.coyote.http11.Http11NioProtocol - Initializing ProtocolHandler ["http-nio-8084"]
2019-04-26 15:56:59.685 [main] INFO  org.apache.catalina.core.StandardService - Starting service [Tomcat]
2019-04-26 15:56:59.686 [main] INFO  org.apache.catalina.core.StandardEngine - Starting Servlet engine: [Apache Tomcat/9.0.16]
2019-04-26 15:56:59.694 [main] INFO  org.apache.catalina.core.AprLifecycleListener - The APR based Apache Tomcat Native library which allows optimal performance in production environments was not found on the java.library.path: [C:\Program Files\Java\jdk1.8.0_191\bin;C:\windows\Sun\Java\bin;C:\windows\system32;C:\windows;C:\Program Files (x86)\Common Files\Oracle\Java\javapath;C:\windows\system32;C:\windows;C:\windows\System32\Wbem;C:\windows\System32\WindowsPowerShell\v1.0\;C:\Program Files (x86)\Symantec\VIP Access Client\;C:\Program Files\Java\jdk1.8.0_191\bin;C:\Program Files\Java\jdk1.8.0_191\jre\bin;C:\Program Files\MySQL\MySQL Server 5.5\bin;C:\Maven\apache-maven-3.6.0\bin;C:\Tools\Tool_git\Git\cmd;C:\Tools\Python\Python37\Scripts\;C:\Tools\Python\Python37\;C:\Users\ychen205\AppData\Local\Microsoft\WindowsApps;;C:\Program Files\JetBrains\IntelliJ IDEA 2018.3.1\bin;;.]
2019-04-26 15:56:59.912 [main] INFO  o.a.c.core.ContainerBase.[Tomcat].[localhost].[/] - Initializing Spring embedded WebApplicationContext
2019-04-26 15:56:59.912 [main] INFO  org.springframework.web.context.ContextLoader - Root WebApplicationContext: initialization completed in 1937 ms
2019-04-26 15:57:00.393 [main] INFO  o.s.scheduling.concurrent.ThreadPoolTaskExecutor - Initializing ExecutorService 'applicationTaskExecutor'
2019-04-26 15:57:00.648 [main] INFO  org.apache.coyote.http11.Http11NioProtocol - Starting ProtocolHandler ["http-nio-8084"]
2019-04-26 15:57:00.747 [main] INFO  o.s.boot.web.embedded.tomcat.TomcatWebServer - Tomcat started on port(s): 8084 (http) with context path ''
2019-04-26 15:57:00.751 [main] INFO  cn.myshop.MyshopApplication - Started MyshopApplication in 3.385 seconds (JVM running for 4.553)
2019-04-26 15:57:02.038 [http-nio-8084-exec-1] INFO  o.a.c.core.ContainerBase.[Tomcat].[localhost].[/] - Initializing Spring DispatcherServlet 'dispatcherServlet'
2019-04-26 15:57:02.039 [http-nio-8084-exec-1] INFO  org.springframework.web.servlet.DispatcherServlet - Initializing Servlet 'dispatcherServlet'
2019-04-26 15:57:02.045 [http-nio-8084-exec-1] INFO  org.springframework.web.servlet.DispatcherServlet - Completed initialization in 6 ms
2019-04-26 15:57:04.126 [http-nio-8084-exec-3] INFO  com.zaxxer.hikari.HikariDataSource - HikariPool-1 - Starting...
2019-04-26 15:57:04.248 [http-nio-8084-exec-3] INFO  com.zaxxer.hikari.HikariDataSource - HikariPool-1 - Start completed.
2019-04-26 15:58:02.217 [main] INFO  cn.myshop.MyshopApplication - Starting MyshopApplication on CN5CG839314H with PID 56296 (C:\Users\ychen205\IdeaProjects\myshop\target\classes started by ychen205 in C:\Users\ychen205\IdeaProjects\myshop)
2019-04-26 15:58:02.220 [main] INFO  cn.myshop.MyshopApplication - No active profile set, falling back to default profiles: default
2019-04-26 15:58:03.864 [main] INFO  o.s.boot.web.embedded.tomcat.TomcatWebServer - Tomcat initialized with port(s): 8084 (http)
2019-04-26 15:58:03.881 [main] INFO  org.apache.coyote.http11.Http11NioProtocol - Initializing ProtocolHandler ["http-nio-8084"]
2019-04-26 15:58:03.892 [main] INFO  org.apache.catalina.core.StandardService - Starting service [Tomcat]
2019-04-26 15:58:03.893 [main] INFO  org.apache.catalina.core.StandardEngine - Starting Servlet engine: [Apache Tomcat/9.0.16]
2019-04-26 15:58:03.900 [main] INFO  org.apache.catalina.core.AprLifecycleListener - The APR based Apache Tomcat Native library which allows optimal performance in production environments was not found on the java.library.path: [C:\Program Files\Java\jdk1.8.0_191\bin;C:\windows\Sun\Java\bin;C:\windows\system32;C:\windows;C:\Program Files (x86)\Common Files\Oracle\Java\javapath;C:\windows\system32;C:\windows;C:\windows\System32\Wbem;C:\windows\System32\WindowsPowerShell\v1.0\;C:\Program Files (x86)\Symantec\VIP Access Client\;C:\Program Files\Java\jdk1.8.0_191\bin;C:\Program Files\Java\jdk1.8.0_191\jre\bin;C:\Program Files\MySQL\MySQL Server 5.5\bin;C:\Maven\apache-maven-3.6.0\bin;C:\Tools\Tool_git\Git\cmd;C:\Tools\Python\Python37\Scripts\;C:\Tools\Python\Python37\;C:\Users\ychen205\AppData\Local\Microsoft\WindowsApps;;C:\Program Files\JetBrains\IntelliJ IDEA 2018.3.1\bin;;.]
2019-04-26 15:58:04.079 [main] INFO  o.a.c.core.ContainerBase.[Tomcat].[localhost].[/] - Initializing Spring embedded WebApplicationContext
2019-04-26 15:58:04.080 [main] INFO  org.springframework.web.context.ContextLoader - Root WebApplicationContext: initialization completed in 1814 ms
2019-04-26 15:58:04.547 [main] INFO  o.s.scheduling.concurrent.ThreadPoolTaskExecutor - Initializing ExecutorService 'applicationTaskExecutor'
2019-04-26 15:58:04.808 [main] INFO  org.apache.coyote.http11.Http11NioProtocol - Starting ProtocolHandler ["http-nio-8084"]
2019-04-26 15:58:04.908 [main] INFO  o.s.boot.web.embedded.tomcat.TomcatWebServer - Tomcat started on port(s): 8084 (http) with context path ''
2019-04-26 15:58:04.912 [main] INFO  cn.myshop.MyshopApplication - Started MyshopApplication in 3.309 seconds (JVM running for 4.582)
2019-04-26 15:58:13.281 [http-nio-8084-exec-1] INFO  o.a.c.core.ContainerBase.[Tomcat].[localhost].[/] - Initializing Spring DispatcherServlet 'dispatcherServlet'
2019-04-26 15:58:13.282 [http-nio-8084-exec-1] INFO  org.springframework.web.servlet.DispatcherServlet - Initializing Servlet 'dispatcherServlet'
2019-04-26 15:58:13.290 [http-nio-8084-exec-1] INFO  org.springframework.web.servlet.DispatcherServlet - Completed initialization in 8 ms
2019-04-26 15:58:14.626 [http-nio-8084-exec-3] INFO  com.zaxxer.hikari.HikariDataSource - HikariPool-1 - Starting...
2019-04-26 15:58:14.734 [http-nio-8084-exec-3] INFO  com.zaxxer.hikari.HikariDataSource - HikariPool-1 - Start completed.
2019-04-26 16:00:15.558 [main] INFO  cn.myshop.MyshopApplication - Starting MyshopApplication on CN5CG839314H with PID 16436 (C:\Users\ychen205\IdeaProjects\myshop\target\classes started by ychen205 in C:\Users\ychen205\IdeaProjects\myshop)
2019-04-26 16:00:15.564 [main] INFO  cn.myshop.MyshopApplication - No active profile set, falling back to default profiles: default
2019-04-26 16:00:17.147 [main] INFO  o.s.boot.web.embedded.tomcat.TomcatWebServer - Tomcat initialized with port(s): 8084 (http)
2019-04-26 16:00:17.164 [main] INFO  org.apache.coyote.http11.Http11NioProtocol - Initializing ProtocolHandler ["http-nio-8084"]
2019-04-26 16:00:17.174 [main] INFO  org.apache.catalina.core.StandardService - Starting service [Tomcat]
2019-04-26 16:00:17.175 [main] INFO  org.apache.catalina.core.StandardEngine - Starting Servlet engine: [Apache Tomcat/9.0.16]
2019-04-26 16:00:17.182 [main] INFO  org.apache.catalina.core.AprLifecycleListener - The APR based Apache Tomcat Native library which allows optimal performance in production environments was not found on the java.library.path: [C:\Program Files\Java\jdk1.8.0_191\bin;C:\windows\Sun\Java\bin;C:\windows\system32;C:\windows;C:\Program Files (x86)\Common Files\Oracle\Java\javapath;C:\windows\system32;C:\windows;C:\windows\System32\Wbem;C:\windows\System32\WindowsPowerShell\v1.0\;C:\Program Files (x86)\Symantec\VIP Access Client\;C:\Program Files\Java\jdk1.8.0_191\bin;C:\Program Files\Java\jdk1.8.0_191\jre\bin;C:\Program Files\MySQL\MySQL Server 5.5\bin;C:\Maven\apache-maven-3.6.0\bin;C:\Tools\Tool_git\Git\cmd;C:\Tools\Python\Python37\Scripts\;C:\Tools\Python\Python37\;C:\Users\ychen205\AppData\Local\Microsoft\WindowsApps;;C:\Program Files\JetBrains\IntelliJ IDEA 2018.3.1\bin;;.]
2019-04-26 16:00:17.364 [main] INFO  o.a.c.core.ContainerBase.[Tomcat].[localhost].[/] - Initializing Spring embedded WebApplicationContext
2019-04-26 16:00:17.365 [main] INFO  org.springframework.web.context.ContextLoader - Root WebApplicationContext: initialization completed in 1733 ms
2019-04-26 16:00:17.814 [main] INFO  o.s.scheduling.concurrent.ThreadPoolTaskExecutor - Initializing ExecutorService 'applicationTaskExecutor'
2019-04-26 16:00:18.094 [main] INFO  org.apache.coyote.http11.Http11NioProtocol - Starting ProtocolHandler ["http-nio-8084"]
2019-04-26 16:00:18.198 [main] INFO  o.s.boot.web.embedded.tomcat.TomcatWebServer - Tomcat started on port(s): 8084 (http) with context path ''
2019-04-26 16:00:18.202 [main] INFO  cn.myshop.MyshopApplication - Started MyshopApplication in 3.233 seconds (JVM running for 4.342)
2019-04-26 16:00:22.878 [http-nio-8084-exec-1] INFO  o.a.c.core.ContainerBase.[Tomcat].[localhost].[/] - Initializing Spring DispatcherServlet 'dispatcherServlet'
2019-04-26 16:00:22.879 [http-nio-8084-exec-1] INFO  org.springframework.web.servlet.DispatcherServlet - Initializing Servlet 'dispatcherServlet'
2019-04-26 16:00:22.885 [http-nio-8084-exec-1] INFO  org.springframework.web.servlet.DispatcherServlet - Completed initialization in 6 ms
2019-04-26 16:00:23.964 [http-nio-8084-exec-3] INFO  com.zaxxer.hikari.HikariDataSource - HikariPool-1 - Starting...
2019-04-26 16:00:24.084 [http-nio-8084-exec-3] INFO  com.zaxxer.hikari.HikariDataSource - HikariPool-1 - Start completed.
2019-04-26 16:00:47.739 [main] INFO  cn.myshop.MyshopApplication - Starting MyshopApplication on CN5CG839314H with PID 95388 (C:\Users\ychen205\IdeaProjects\myshop\target\classes started by ychen205 in C:\Users\ychen205\IdeaProjects\myshop)
2019-04-26 16:00:47.745 [main] INFO  cn.myshop.MyshopApplication - No active profile set, falling back to default profiles: default
2019-04-26 16:00:49.467 [main] INFO  o.s.boot.web.embedded.tomcat.TomcatWebServer - Tomcat initialized with port(s): 8084 (http)
2019-04-26 16:00:49.483 [main] INFO  org.apache.coyote.http11.Http11NioProtocol - Initializing ProtocolHandler ["http-nio-8084"]
2019-04-26 16:00:49.493 [main] INFO  org.apache.catalina.core.StandardService - Starting service [Tomcat]
2019-04-26 16:00:49.494 [main] INFO  org.apache.catalina.core.StandardEngine - Starting Servlet engine: [Apache Tomcat/9.0.16]
2019-04-26 16:00:49.501 [main] INFO  org.apache.catalina.core.AprLifecycleListener - The APR based Apache Tomcat Native library which allows optimal performance in production environments was not found on the java.library.path: [C:\Program Files\Java\jdk1.8.0_191\bin;C:\windows\Sun\Java\bin;C:\windows\system32;C:\windows;C:\Program Files (x86)\Common Files\Oracle\Java\javapath;C:\windows\system32;C:\windows;C:\windows\System32\Wbem;C:\windows\System32\WindowsPowerShell\v1.0\;C:\Program Files (x86)\Symantec\VIP Access Client\;C:\Program Files\Java\jdk1.8.0_191\bin;C:\Program Files\Java\jdk1.8.0_191\jre\bin;C:\Program Files\MySQL\MySQL Server 5.5\bin;C:\Maven\apache-maven-3.6.0\bin;C:\Tools\Tool_git\Git\cmd;C:\Tools\Python\Python37\Scripts\;C:\Tools\Python\Python37\;C:\Users\ychen205\AppData\Local\Microsoft\WindowsApps;;C:\Program Files\JetBrains\IntelliJ IDEA 2018.3.1\bin;;.]
2019-04-26 16:00:49.683 [main] INFO  o.a.c.core.ContainerBase.[Tomcat].[localhost].[/] - Initializing Spring embedded WebApplicationContext
2019-04-26 16:00:49.683 [main] INFO  org.springframework.web.context.ContextLoader - Root WebApplicationContext: initialization completed in 1814 ms
2019-04-26 16:00:50.140 [main] INFO  o.s.scheduling.concurrent.ThreadPoolTaskExecutor - Initializing ExecutorService 'applicationTaskExecutor'
2019-04-26 16:00:50.370 [main] INFO  org.apache.coyote.http11.Http11NioProtocol - Starting ProtocolHandler ["http-nio-8084"]
2019-04-26 16:00:50.465 [main] INFO  o.s.boot.web.embedded.tomcat.TomcatWebServer - Tomcat started on port(s): 8084 (http) with context path ''
2019-04-26 16:00:50.468 [main] INFO  cn.myshop.MyshopApplication - Started MyshopApplication in 3.337 seconds (JVM running for 4.499)
2019-04-26 16:02:26.586 [http-nio-8084-exec-1] INFO  o.a.c.core.ContainerBase.[Tomcat].[localhost].[/] - Initializing Spring DispatcherServlet 'dispatcherServlet'
2019-04-26 16:02:26.587 [http-nio-8084-exec-1] INFO  org.springframework.web.servlet.DispatcherServlet - Initializing Servlet 'dispatcherServlet'
2019-04-26 16:02:26.594 [http-nio-8084-exec-1] INFO  org.springframework.web.servlet.DispatcherServlet - Completed initialization in 7 ms
2019-04-26 16:02:28.072 [http-nio-8084-exec-3] INFO  com.zaxxer.hikari.HikariDataSource - HikariPool-1 - Starting...
2019-04-26 16:02:28.193 [http-nio-8084-exec-3] INFO  com.zaxxer.hikari.HikariDataSource - HikariPool-1 - Start completed.
2019-04-26 16:04:21.665 [main] INFO  cn.myshop.MyshopApplication - Starting MyshopApplication on CN5CG839314H with PID 76632 (C:\Users\ychen205\IdeaProjects\myshop\target\classes started by ychen205 in C:\Users\ychen205\IdeaProjects\myshop)
2019-04-26 16:04:21.669 [main] INFO  cn.myshop.MyshopApplication - No active profile set, falling back to default profiles: default
2019-04-26 16:04:23.395 [main] INFO  o.s.boot.web.embedded.tomcat.TomcatWebServer - Tomcat initialized with port(s): 8084 (http)
2019-04-26 16:04:23.410 [main] INFO  org.apache.coyote.http11.Http11NioProtocol - Initializing ProtocolHandler ["http-nio-8084"]
2019-04-26 16:04:23.421 [main] INFO  org.apache.catalina.core.StandardService - Starting service [Tomcat]
2019-04-26 16:04:23.422 [main] INFO  org.apache.catalina.core.StandardEngine - Starting Servlet engine: [Apache Tomcat/9.0.16]
2019-04-26 16:04:23.429 [main] INFO  org.apache.catalina.core.AprLifecycleListener - The APR based Apache Tomcat Native library which allows optimal performance in production environments was not found on the java.library.path: [C:\Program Files\Java\jdk1.8.0_191\bin;C:\windows\Sun\Java\bin;C:\windows\system32;C:\windows;C:\Program Files (x86)\Common Files\Oracle\Java\javapath;C:\windows\system32;C:\windows;C:\windows\System32\Wbem;C:\windows\System32\WindowsPowerShell\v1.0\;C:\Program Files (x86)\Symantec\VIP Access Client\;C:\Program Files\Java\jdk1.8.0_191\bin;C:\Program Files\Java\jdk1.8.0_191\jre\bin;C:\Program Files\MySQL\MySQL Server 5.5\bin;C:\Maven\apache-maven-3.6.0\bin;C:\Tools\Tool_git\Git\cmd;C:\Tools\Python\Python37\Scripts\;C:\Tools\Python\Python37\;C:\Users\ychen205\AppData\Local\Microsoft\WindowsApps;;C:\Program Files\JetBrains\IntelliJ IDEA 2018.3.1\bin;;.]
2019-04-26 16:04:23.631 [main] INFO  o.a.c.core.ContainerBase.[Tomcat].[localhost].[/] - Initializing Spring embedded WebApplicationContext
2019-04-26 16:04:23.632 [main] INFO  org.springframework.web.context.ContextLoader - Root WebApplicationContext: initialization completed in 1900 ms
2019-04-26 16:04:24.093 [main] INFO  o.s.scheduling.concurrent.ThreadPoolTaskExecutor - Initializing ExecutorService 'applicationTaskExecutor'
2019-04-26 16:04:24.354 [main] INFO  org.apache.coyote.http11.Http11NioProtocol - Starting ProtocolHandler ["http-nio-8084"]
2019-04-26 16:04:24.447 [main] INFO  o.s.boot.web.embedded.tomcat.TomcatWebServer - Tomcat started on port(s): 8084 (http) with context path ''
2019-04-26 16:04:24.453 [main] INFO  cn.myshop.MyshopApplication - Started MyshopApplication in 3.367 seconds (JVM running for 4.601)
2019-04-26 16:04:40.676 [http-nio-8084-exec-3] INFO  o.a.c.core.ContainerBase.[Tomcat].[localhost].[/] - Initializing Spring DispatcherServlet 'dispatcherServlet'
2019-04-26 16:04:40.677 [http-nio-8084-exec-3] INFO  org.springframework.web.servlet.DispatcherServlet - Initializing Servlet 'dispatcherServlet'
2019-04-26 16:04:40.686 [http-nio-8084-exec-3] INFO  org.springframework.web.servlet.DispatcherServlet - Completed initialization in 8 ms
2019-04-26 16:04:41.759 [http-nio-8084-exec-2] INFO  com.zaxxer.hikari.HikariDataSource - HikariPool-1 - Starting...
2019-04-26 16:04:41.879 [http-nio-8084-exec-2] INFO  com.zaxxer.hikari.HikariDataSource - HikariPool-1 - Start completed.
2019-04-26 16:06:51.089 [main] INFO  cn.myshop.MyshopApplication - Starting MyshopApplication on CN5CG839314H with PID 60704 (C:\Users\ychen205\IdeaProjects\myshop\target\classes started by ychen205 in C:\Users\ychen205\IdeaProjects\myshop)
2019-04-26 16:06:51.095 [main] INFO  cn.myshop.MyshopApplication - No active profile set, falling back to default profiles: default
2019-04-26 16:06:52.884 [main] INFO  o.s.boot.web.embedded.tomcat.TomcatWebServer - Tomcat initialized with port(s): 8084 (http)
2019-04-26 16:06:52.902 [main] INFO  org.apache.coyote.http11.Http11NioProtocol - Initializing ProtocolHandler ["http-nio-8084"]
2019-04-26 16:06:52.913 [main] INFO  org.apache.catalina.core.StandardService - Starting service [Tomcat]
2019-04-26 16:06:52.913 [main] INFO  org.apache.catalina.core.StandardEngine - Starting Servlet engine: [Apache Tomcat/9.0.16]
2019-04-26 16:06:52.920 [main] INFO  org.apache.catalina.core.AprLifecycleListener - The APR based Apache Tomcat Native library which allows optimal performance in production environments was not found on the java.library.path: [C:\Program Files\Java\jdk1.8.0_191\bin;C:\windows\Sun\Java\bin;C:\windows\system32;C:\windows;C:\Program Files (x86)\Common Files\Oracle\Java\javapath;C:\windows\system32;C:\windows;C:\windows\System32\Wbem;C:\windows\System32\WindowsPowerShell\v1.0\;C:\Program Files (x86)\Symantec\VIP Access Client\;C:\Program Files\Java\jdk1.8.0_191\bin;C:\Program Files\Java\jdk1.8.0_191\jre\bin;C:\Program Files\MySQL\MySQL Server 5.5\bin;C:\Maven\apache-maven-3.6.0\bin;C:\Tools\Tool_git\Git\cmd;C:\Tools\Python\Python37\Scripts\;C:\Tools\Python\Python37\;C:\Users\ychen205\AppData\Local\Microsoft\WindowsApps;;C:\Program Files\JetBrains\IntelliJ IDEA 2018.3.1\bin;;.]
2019-04-26 16:06:53.121 [main] INFO  o.a.c.core.ContainerBase.[Tomcat].[localhost].[/] - Initializing Spring embedded WebApplicationContext
2019-04-26 16:06:53.122 [main] INFO  org.springframework.web.context.ContextLoader - Root WebApplicationContext: initialization completed in 1960 ms
2019-04-26 16:06:53.610 [main] INFO  o.s.scheduling.concurrent.ThreadPoolTaskExecutor - Initializing ExecutorService 'applicationTaskExecutor'
2019-04-26 16:06:53.883 [main] INFO  org.apache.coyote.http11.Http11NioProtocol - Starting ProtocolHandler ["http-nio-8084"]
2019-04-26 16:06:53.981 [main] INFO  o.s.boot.web.embedded.tomcat.TomcatWebServer - Tomcat started on port(s): 8084 (http) with context path ''
2019-04-26 16:06:53.986 [main] INFO  cn.myshop.MyshopApplication - Started MyshopApplication in 3.542 seconds (JVM running for 4.757)
2019-04-26 16:06:54.034 [http-nio-8084-exec-2] INFO  o.a.c.core.ContainerBase.[Tomcat].[localhost].[/] - Initializing Spring DispatcherServlet 'dispatcherServlet'
2019-04-26 16:06:54.035 [http-nio-8084-exec-2] INFO  org.springframework.web.servlet.DispatcherServlet - Initializing Servlet 'dispatcherServlet'
2019-04-26 16:06:54.042 [http-nio-8084-exec-2] INFO  org.springframework.web.servlet.DispatcherServlet - Completed initialization in 7 ms
2019-04-26 16:06:55.169 [http-nio-8084-exec-3] INFO  com.zaxxer.hikari.HikariDataSource - HikariPool-1 - Starting...
2019-04-26 16:06:55.282 [http-nio-8084-exec-3] INFO  com.zaxxer.hikari.HikariDataSource - HikariPool-1 - Start completed.
2019-04-26 16:10:46.837 [main] INFO  cn.myshop.MyshopApplication - Starting MyshopApplication on CN5CG839314H with PID 51408 (C:\Users\ychen205\IdeaProjects\myshop\target\classes started by ychen205 in C:\Users\ychen205\IdeaProjects\myshop)
2019-04-26 16:10:46.840 [main] INFO  cn.myshop.MyshopApplication - No active profile set, falling back to default profiles: default
2019-04-26 16:10:48.649 [main] INFO  o.s.boot.web.embedded.tomcat.TomcatWebServer - Tomcat initialized with port(s): 8084 (http)
2019-04-26 16:10:48.667 [main] INFO  org.apache.coyote.http11.Http11NioProtocol - Initializing ProtocolHandler ["http-nio-8084"]
2019-04-26 16:10:48.679 [main] INFO  org.apache.catalina.core.StandardService - Starting service [Tomcat]
2019-04-26 16:10:48.680 [main] INFO  org.apache.catalina.core.StandardEngine - Starting Servlet engine: [Apache Tomcat/9.0.16]
2019-04-26 16:10:48.686 [main] INFO  org.apache.catalina.core.AprLifecycleListener - The APR based Apache Tomcat Native library which allows optimal performance in production environments was not found on the java.library.path: [C:\Program Files\Java\jdk1.8.0_191\bin;C:\windows\Sun\Java\bin;C:\windows\system32;C:\windows;C:\Program Files (x86)\Common Files\Oracle\Java\javapath;C:\windows\system32;C:\windows;C:\windows\System32\Wbem;C:\windows\System32\WindowsPowerShell\v1.0\;C:\Program Files (x86)\Symantec\VIP Access Client\;C:\Program Files\Java\jdk1.8.0_191\bin;C:\Program Files\Java\jdk1.8.0_191\jre\bin;C:\Program Files\MySQL\MySQL Server 5.5\bin;C:\Maven\apache-maven-3.6.0\bin;C:\Tools\Tool_git\Git\cmd;C:\Tools\Python\Python37\Scripts\;C:\Tools\Python\Python37\;C:\Users\ychen205\AppData\Local\Microsoft\WindowsApps;;C:\Program Files\JetBrains\IntelliJ IDEA 2018.3.1\bin;;.]
2019-04-26 16:10:48.872 [main] INFO  o.a.c.core.ContainerBase.[Tomcat].[localhost].[/] - Initializing Spring embedded WebApplicationContext
2019-04-26 16:10:48.872 [main] INFO  org.springframework.web.context.ContextLoader - Root WebApplicationContext: initialization completed in 1975 ms
2019-04-26 16:10:49.307 [main] INFO  o.s.scheduling.concurrent.ThreadPoolTaskExecutor - Initializing ExecutorService 'applicationTaskExecutor'
2019-04-26 16:10:49.563 [main] INFO  org.apache.coyote.http11.Http11NioProtocol - Starting ProtocolHandler ["http-nio-8084"]
2019-04-26 16:10:49.658 [main] INFO  o.s.boot.web.embedded.tomcat.TomcatWebServer - Tomcat started on port(s): 8084 (http) with context path ''
2019-04-26 16:10:49.662 [main] INFO  cn.myshop.MyshopApplication - Started MyshopApplication in 3.396 seconds (JVM running for 4.592)
2019-04-26 16:11:00.835 [http-nio-8084-exec-1] INFO  o.a.c.core.ContainerBase.[Tomcat].[localhost].[/] - Initializing Spring DispatcherServlet 'dispatcherServlet'
2019-04-26 16:11:00.836 [http-nio-8084-exec-1] INFO  org.springframework.web.servlet.DispatcherServlet - Initializing Servlet 'dispatcherServlet'
2019-04-26 16:11:00.844 [http-nio-8084-exec-1] INFO  org.springframework.web.servlet.DispatcherServlet - Completed initialization in 8 ms
2019-04-26 16:11:02.048 [http-nio-8084-exec-2] INFO  com.zaxxer.hikari.HikariDataSource - HikariPool-1 - Starting...
2019-04-26 16:11:02.169 [http-nio-8084-exec-2] INFO  com.zaxxer.hikari.HikariDataSource - HikariPool-1 - Start completed.
2019-04-26 16:11:26.289 [main] INFO  cn.myshop.MyshopApplication - Starting MyshopApplication on CN5CG839314H with PID 9100 (C:\Users\ychen205\IdeaProjects\myshop\target\classes started by ychen205 in C:\Users\ychen205\IdeaProjects\myshop)
2019-04-26 16:11:26.294 [main] INFO  cn.myshop.MyshopApplication - No active profile set, falling back to default profiles: default
2019-04-26 16:11:27.927 [main] INFO  o.s.boot.web.embedded.tomcat.TomcatWebServer - Tomcat initialized with port(s): 8084 (http)
2019-04-26 16:11:27.942 [main] INFO  org.apache.coyote.http11.Http11NioProtocol - Initializing ProtocolHandler ["http-nio-8084"]
2019-04-26 16:11:27.952 [main] INFO  org.apache.catalina.core.StandardService - Starting service [Tomcat]
2019-04-26 16:11:27.952 [main] INFO  org.apache.catalina.core.StandardEngine - Starting Servlet engine: [Apache Tomcat/9.0.16]
2019-04-26 16:11:27.959 [main] INFO  org.apache.catalina.core.AprLifecycleListener - The APR based Apache Tomcat Native library which allows optimal performance in production environments was not found on the java.library.path: [C:\Program Files\Java\jdk1.8.0_191\bin;C:\windows\Sun\Java\bin;C:\windows\system32;C:\windows;C:\Program Files (x86)\Common Files\Oracle\Java\javapath;C:\windows\system32;C:\windows;C:\windows\System32\Wbem;C:\windows\System32\WindowsPowerShell\v1.0\;C:\Program Files (x86)\Symantec\VIP Access Client\;C:\Program Files\Java\jdk1.8.0_191\bin;C:\Program Files\Java\jdk1.8.0_191\jre\bin;C:\Program Files\MySQL\MySQL Server 5.5\bin;C:\Maven\apache-maven-3.6.0\bin;C:\Tools\Tool_git\Git\cmd;C:\Tools\Python\Python37\Scripts\;C:\Tools\Python\Python37\;C:\Users\ychen205\AppData\Local\Microsoft\WindowsApps;;C:\Program Files\JetBrains\IntelliJ IDEA 2018.3.1\bin;;.]
2019-04-26 16:11:28.135 [main] INFO  o.a.c.core.ContainerBase.[Tomcat].[localhost].[/] - Initializing Spring embedded WebApplicationContext
2019-04-26 16:11:28.135 [main] INFO  org.springframework.web.context.ContextLoader - Root WebApplicationContext: initialization completed in 1788 ms
2019-04-26 16:11:28.572 [main] INFO  o.s.scheduling.concurrent.ThreadPoolTaskExecutor - Initializing ExecutorService 'applicationTaskExecutor'
2019-04-26 16:11:28.801 [main] INFO  org.apache.coyote.http11.Http11NioProtocol - Starting ProtocolHandler ["http-nio-8084"]
2019-04-26 16:11:28.898 [main] INFO  o.s.boot.web.embedded.tomcat.TomcatWebServer - Tomcat started on port(s): 8084 (http) with context path ''
2019-04-26 16:11:28.902 [main] INFO  cn.myshop.MyshopApplication - Started MyshopApplication in 3.228 seconds (JVM running for 4.473)
2019-04-26 16:11:39.827 [http-nio-8084-exec-1] INFO  o.a.c.core.ContainerBase.[Tomcat].[localhost].[/] - Initializing Spring DispatcherServlet 'dispatcherServlet'
2019-04-26 16:11:39.827 [http-nio-8084-exec-1] INFO  org.springframework.web.servlet.DispatcherServlet - Initializing Servlet 'dispatcherServlet'
2019-04-26 16:11:39.834 [http-nio-8084-exec-1] INFO  org.springframework.web.servlet.DispatcherServlet - Completed initialization in 7 ms
2019-04-26 16:11:39.877 [http-nio-8084-exec-1] INFO  com.zaxxer.hikari.HikariDataSource - HikariPool-1 - Starting...
2019-04-26 16:11:39.986 [http-nio-8084-exec-1] INFO  com.zaxxer.hikari.HikariDataSource - HikariPool-1 - Start completed.
