2019-04-25 14:55:16.085 [main] INFO  cn.myshop.MyshopApplication - Starting MyshopApplication on CN5CG839314H with PID 12924 (C:\Users\ychen205\IdeaProjects\myshop\target\classes started by ychen205 in C:\Users\ychen205\IdeaProjects\myshop)
2019-04-25 14:55:16.095 [main] INFO  cn.myshop.MyshopApplication - No active profile set, falling back to default profiles: default
2019-04-25 14:55:18.051 [main] INFO  o.s.boot.web.embedded.tomcat.TomcatWebServer - Tomcat initialized with port(s): 8080 (http)
2019-04-25 14:55:18.078 [main] INFO  org.apache.coyote.http11.Http11NioProtocol - Initializing ProtocolHandler ["http-nio-8080"]
2019-04-25 14:55:18.092 [main] INFO  org.apache.catalina.core.StandardService - Starting service [Tomcat]
2019-04-25 14:55:18.093 [main] INFO  org.apache.catalina.core.StandardEngine - Starting Servlet engine: [Apache Tomcat/9.0.16]
2019-04-25 14:55:18.103 [main] INFO  org.apache.catalina.core.AprLifecycleListener - The APR based Apache Tomcat Native library which allows optimal performance in production environments was not found on the java.library.path: [C:\Program Files\Java\jdk1.8.0_191\bin;C:\windows\Sun\Java\bin;C:\windows\system32;C:\windows;C:\Program Files (x86)\Common Files\Oracle\Java\javapath;C:\windows\system32;C:\windows;C:\windows\System32\Wbem;C:\windows\System32\WindowsPowerShell\v1.0\;C:\Program Files (x86)\Symantec\VIP Access Client\;C:\Program Files\Java\jdk1.8.0_191\bin;C:\Program Files\Java\jdk1.8.0_191\jre\bin;C:\Program Files\MySQL\MySQL Server 5.5\bin;C:\Maven\apache-maven-3.6.0\bin;C:\Tools\Tool_git\Git\cmd;C:\Tools\Python\Python37\Scripts\;C:\Tools\Python\Python37\;C:\Users\ychen205\AppData\Local\Microsoft\WindowsApps;;C:\Program Files\JetBrains\IntelliJ IDEA 2018.3.1\bin;;.]
2019-04-25 14:55:18.353 [main] INFO  o.a.c.core.ContainerBase.[Tomcat].[localhost].[/] - Initializing Spring embedded WebApplicationContext
2019-04-25 14:55:18.353 [main] INFO  org.springframework.web.context.ContextLoader - Root WebApplicationContext: initialization completed in 2193 ms
2019-04-25 14:55:18.835 [main] INFO  o.s.scheduling.concurrent.ThreadPoolTaskExecutor - Initializing ExecutorService 'applicationTaskExecutor'
2019-04-25 14:55:19.099 [main] INFO  org.apache.coyote.http11.Http11NioProtocol - Starting ProtocolHandler ["http-nio-8080"]
2019-04-25 14:55:19.195 [main] INFO  org.apache.coyote.http11.Http11NioProtocol - Pausing ProtocolHandler ["http-nio-8080"]
2019-04-25 14:55:19.196 [main] INFO  org.apache.catalina.core.StandardService - Stopping service [Tomcat]
2019-04-25 14:55:19.206 [main] INFO  org.apache.catalina.util.LifecycleBase - The stop() method was called on component [StandardServer[-1]] after stop() had already been called. The second call will be ignored.
2019-04-25 14:55:19.206 [main] INFO  org.apache.coyote.http11.Http11NioProtocol - Stopping ProtocolHandler ["http-nio-8080"]
2019-04-25 14:55:19.207 [main] INFO  org.apache.coyote.http11.Http11NioProtocol - Destroying ProtocolHandler ["http-nio-8080"]
2019-04-25 14:55:19.211 [main] INFO  o.s.b.a.l.ConditionEvaluationReportLoggingListener - 

Error starting ApplicationContext. To display the conditions report re-run your application with 'debug' enabled.
2019-04-25 14:55:19.224 [main] INFO  o.s.scheduling.concurrent.ThreadPoolTaskExecutor - Shutting down ExecutorService 'applicationTaskExecutor'
2019-04-25 14:55:38.377 [main] INFO  cn.myshop.MyshopApplication - Starting MyshopApplication on CN5CG839314H with PID 49144 (C:\Users\ychen205\IdeaProjects\myshop\target\classes started by ychen205 in C:\Users\ychen205\IdeaProjects\myshop)
2019-04-25 14:55:38.382 [main] INFO  cn.myshop.MyshopApplication - No active profile set, falling back to default profiles: default
2019-04-25 14:55:43.177 [main] INFO  cn.myshop.MyshopApplication - Starting MyshopApplication on CN5CG839314H with PID 71016 (C:\Users\ychen205\IdeaProjects\myshop\target\classes started by ychen205 in C:\Users\ychen205\IdeaProjects\myshop)
2019-04-25 14:55:43.181 [main] INFO  cn.myshop.MyshopApplication - No active profile set, falling back to default profiles: default
2019-04-25 14:55:45.064 [main] INFO  o.s.boot.web.embedded.tomcat.TomcatWebServer - Tomcat initialized with port(s): 8084 (http)
2019-04-25 14:55:45.084 [main] INFO  org.apache.coyote.http11.Http11NioProtocol - Initializing ProtocolHandler ["http-nio-8084"]
2019-04-25 14:55:45.095 [main] INFO  org.apache.catalina.core.StandardService - Starting service [Tomcat]
2019-04-25 14:55:45.096 [main] INFO  org.apache.catalina.core.StandardEngine - Starting Servlet engine: [Apache Tomcat/9.0.16]
2019-04-25 14:55:45.104 [main] INFO  org.apache.catalina.core.AprLifecycleListener - The APR based Apache Tomcat Native library which allows optimal performance in production environments was not found on the java.library.path: [C:\Program Files\Java\jdk1.8.0_191\bin;C:\windows\Sun\Java\bin;C:\windows\system32;C:\windows;C:\Program Files (x86)\Common Files\Oracle\Java\javapath;C:\windows\system32;C:\windows;C:\windows\System32\Wbem;C:\windows\System32\WindowsPowerShell\v1.0\;C:\Program Files (x86)\Symantec\VIP Access Client\;C:\Program Files\Java\jdk1.8.0_191\bin;C:\Program Files\Java\jdk1.8.0_191\jre\bin;C:\Program Files\MySQL\MySQL Server 5.5\bin;C:\Maven\apache-maven-3.6.0\bin;C:\Tools\Tool_git\Git\cmd;C:\Tools\Python\Python37\Scripts\;C:\Tools\Python\Python37\;C:\Users\ychen205\AppData\Local\Microsoft\WindowsApps;;C:\Program Files\JetBrains\IntelliJ IDEA 2018.3.1\bin;;.]
2019-04-25 14:55:45.357 [main] INFO  o.a.c.core.ContainerBase.[Tomcat].[localhost].[/] - Initializing Spring embedded WebApplicationContext
2019-04-25 14:55:45.358 [main] INFO  org.springframework.web.context.ContextLoader - Root WebApplicationContext: initialization completed in 2116 ms
2019-04-25 14:55:45.971 [main] INFO  o.s.scheduling.concurrent.ThreadPoolTaskExecutor - Initializing ExecutorService 'applicationTaskExecutor'
2019-04-25 14:55:46.259 [main] INFO  org.apache.coyote.http11.Http11NioProtocol - Starting ProtocolHandler ["http-nio-8084"]
2019-04-25 14:55:46.438 [main] INFO  o.s.boot.web.embedded.tomcat.TomcatWebServer - Tomcat started on port(s): 8084 (http) with context path ''
2019-04-25 14:55:46.442 [main] INFO  cn.myshop.MyshopApplication - Started MyshopApplication in 3.789 seconds (JVM running for 4.943)
2019-04-25 14:57:37.591 [http-nio-8084-exec-1] INFO  o.a.c.core.ContainerBase.[Tomcat].[localhost].[/] - Initializing Spring DispatcherServlet 'dispatcherServlet'
2019-04-25 14:57:37.593 [http-nio-8084-exec-1] INFO  org.springframework.web.servlet.DispatcherServlet - Initializing Servlet 'dispatcherServlet'
2019-04-25 14:57:37.622 [http-nio-8084-exec-1] INFO  org.springframework.web.servlet.DispatcherServlet - Completed initialization in 28 ms
2019-04-25 14:57:46.957 [http-nio-8084-exec-2] INFO  com.zaxxer.hikari.HikariDataSource - HikariPool-1 - Starting...
2019-04-25 14:57:47.247 [http-nio-8084-exec-2] INFO  com.zaxxer.hikari.HikariDataSource - HikariPool-1 - Start completed.
2019-04-25 15:24:10.908 [main] INFO  cn.myshop.MyshopApplication - Starting MyshopApplication on CN5CG839314H with PID 128 (C:\Users\ychen205\IdeaProjects\myshop\target\classes started by ychen205 in C:\Users\ychen205\IdeaProjects\myshop)
2019-04-25 15:24:10.912 [main] INFO  cn.myshop.MyshopApplication - No active profile set, falling back to default profiles: default
2019-04-25 15:24:12.671 [main] INFO  o.s.boot.web.embedded.tomcat.TomcatWebServer - Tomcat initialized with port(s): 8084 (http)
2019-04-25 15:24:12.693 [main] INFO  org.apache.coyote.http11.Http11NioProtocol - Initializing ProtocolHandler ["http-nio-8084"]
2019-04-25 15:24:12.705 [main] INFO  org.apache.catalina.core.StandardService - Starting service [Tomcat]
2019-04-25 15:24:12.705 [main] INFO  org.apache.catalina.core.StandardEngine - Starting Servlet engine: [Apache Tomcat/9.0.16]
2019-04-25 15:24:12.712 [main] INFO  org.apache.catalina.core.AprLifecycleListener - The APR based Apache Tomcat Native library which allows optimal performance in production environments was not found on the java.library.path: [C:\Program Files\Java\jdk1.8.0_191\bin;C:\windows\Sun\Java\bin;C:\windows\system32;C:\windows;C:\Program Files (x86)\Common Files\Oracle\Java\javapath;C:\windows\system32;C:\windows;C:\windows\System32\Wbem;C:\windows\System32\WindowsPowerShell\v1.0\;C:\Program Files (x86)\Symantec\VIP Access Client\;C:\Program Files\Java\jdk1.8.0_191\bin;C:\Program Files\Java\jdk1.8.0_191\jre\bin;C:\Program Files\MySQL\MySQL Server 5.5\bin;C:\Maven\apache-maven-3.6.0\bin;C:\Tools\Tool_git\Git\cmd;C:\Tools\Python\Python37\Scripts\;C:\Tools\Python\Python37\;C:\Users\ychen205\AppData\Local\Microsoft\WindowsApps;;C:\Program Files\JetBrains\IntelliJ IDEA 2018.3.1\bin;;.]
2019-04-25 15:24:12.929 [main] INFO  o.a.c.core.ContainerBase.[Tomcat].[localhost].[/] - Initializing Spring embedded WebApplicationContext
2019-04-25 15:24:12.930 [main] INFO  org.springframework.web.context.ContextLoader - Root WebApplicationContext: initialization completed in 1969 ms
2019-04-25 15:24:13.525 [main] INFO  o.s.scheduling.concurrent.ThreadPoolTaskExecutor - Initializing ExecutorService 'applicationTaskExecutor'
2019-04-25 15:24:13.943 [main] INFO  org.apache.coyote.http11.Http11NioProtocol - Starting ProtocolHandler ["http-nio-8084"]
2019-04-25 15:24:13.986 [main] INFO  o.s.boot.web.embedded.tomcat.TomcatWebServer - Tomcat started on port(s): 8084 (http) with context path ''
2019-04-25 15:24:13.991 [main] INFO  cn.myshop.MyshopApplication - Started MyshopApplication in 3.897 seconds (JVM running for 5.862)
2019-04-25 15:24:14.256 [http-nio-8084-exec-2] INFO  o.a.c.core.ContainerBase.[Tomcat].[localhost].[/] - Initializing Spring DispatcherServlet 'dispatcherServlet'
2019-04-25 15:24:14.257 [http-nio-8084-exec-2] INFO  org.springframework.web.servlet.DispatcherServlet - Initializing Servlet 'dispatcherServlet'
2019-04-25 15:24:14.274 [http-nio-8084-exec-2] INFO  org.springframework.web.servlet.DispatcherServlet - Completed initialization in 17 ms
2019-04-25 15:24:14.339 [http-nio-8084-exec-2] INFO  com.zaxxer.hikari.HikariDataSource - HikariPool-1 - Starting...
2019-04-25 15:24:14.469 [http-nio-8084-exec-2] INFO  com.zaxxer.hikari.HikariDataSource - HikariPool-1 - Start completed.
2019-04-25 15:58:54.804 [main] INFO  cn.myshop.MyshopApplication - Starting MyshopApplication on CN5CG839314H with PID 42352 (C:\Users\ychen205\IdeaProjects\myshop\target\classes started by ychen205 in C:\Users\ychen205\IdeaProjects\myshop)
2019-04-25 15:58:54.809 [main] INFO  cn.myshop.MyshopApplication - No active profile set, falling back to default profiles: default
2019-04-25 15:58:56.666 [main] INFO  o.s.boot.web.embedded.tomcat.TomcatWebServer - Tomcat initialized with port(s): 8084 (http)
2019-04-25 15:58:56.684 [main] INFO  org.apache.coyote.http11.Http11NioProtocol - Initializing ProtocolHandler ["http-nio-8084"]
2019-04-25 15:58:56.698 [main] INFO  org.apache.catalina.core.StandardService - Starting service [Tomcat]
2019-04-25 15:58:56.699 [main] INFO  org.apache.catalina.core.StandardEngine - Starting Servlet engine: [Apache Tomcat/9.0.16]
2019-04-25 15:58:56.709 [main] INFO  org.apache.catalina.core.AprLifecycleListener - The APR based Apache Tomcat Native library which allows optimal performance in production environments was not found on the java.library.path: [C:\Program Files\Java\jdk1.8.0_191\bin;C:\windows\Sun\Java\bin;C:\windows\system32;C:\windows;C:\Program Files (x86)\Common Files\Oracle\Java\javapath;C:\windows\system32;C:\windows;C:\windows\System32\Wbem;C:\windows\System32\WindowsPowerShell\v1.0\;C:\Program Files (x86)\Symantec\VIP Access Client\;C:\Program Files\Java\jdk1.8.0_191\bin;C:\Program Files\Java\jdk1.8.0_191\jre\bin;C:\Program Files\MySQL\MySQL Server 5.5\bin;C:\Maven\apache-maven-3.6.0\bin;C:\Tools\Tool_git\Git\cmd;C:\Tools\Python\Python37\Scripts\;C:\Tools\Python\Python37\;C:\Users\ychen205\AppData\Local\Microsoft\WindowsApps;;C:\Program Files\JetBrains\IntelliJ IDEA 2018.3.1\bin;;.]
2019-04-25 15:58:56.929 [main] INFO  o.a.c.core.ContainerBase.[Tomcat].[localhost].[/] - Initializing Spring embedded WebApplicationContext
2019-04-25 15:58:56.930 [main] INFO  org.springframework.web.context.ContextLoader - Root WebApplicationContext: initialization completed in 2034 ms
2019-04-25 15:58:57.433 [main] INFO  o.s.scheduling.concurrent.ThreadPoolTaskExecutor - Initializing ExecutorService 'applicationTaskExecutor'
2019-04-25 15:58:57.708 [main] INFO  org.apache.coyote.http11.Http11NioProtocol - Starting ProtocolHandler ["http-nio-8084"]
2019-04-25 15:58:57.810 [main] INFO  o.s.boot.web.embedded.tomcat.TomcatWebServer - Tomcat started on port(s): 8084 (http) with context path ''
2019-04-25 15:58:57.815 [main] INFO  cn.myshop.MyshopApplication - Started MyshopApplication in 3.801 seconds (JVM running for 5.109)
2019-04-25 15:59:42.627 [http-nio-8084-exec-1] INFO  o.a.c.core.ContainerBase.[Tomcat].[localhost].[/] - Initializing Spring DispatcherServlet 'dispatcherServlet'
2019-04-25 15:59:42.629 [http-nio-8084-exec-1] INFO  org.springframework.web.servlet.DispatcherServlet - Initializing Servlet 'dispatcherServlet'
2019-04-25 15:59:42.641 [http-nio-8084-exec-1] INFO  org.springframework.web.servlet.DispatcherServlet - Completed initialization in 12 ms
2019-04-25 15:59:44.526 [http-nio-8084-exec-3] INFO  com.zaxxer.hikari.HikariDataSource - HikariPool-1 - Starting...
2019-04-25 15:59:44.664 [http-nio-8084-exec-3] INFO  com.zaxxer.hikari.HikariDataSource - HikariPool-1 - Start completed.
2019-04-25 16:01:57.022 [main] INFO  cn.myshop.MyshopApplication - Starting MyshopApplication on CN5CG839314H with PID 16336 (C:\Users\ychen205\IdeaProjects\myshop\target\classes started by ychen205 in C:\Users\ychen205\IdeaProjects\myshop)
2019-04-25 16:01:57.027 [main] INFO  cn.myshop.MyshopApplication - No active profile set, falling back to default profiles: default
2019-04-25 16:01:58.965 [main] INFO  o.s.boot.web.embedded.tomcat.TomcatWebServer - Tomcat initialized with port(s): 8084 (http)
2019-04-25 16:01:58.990 [main] INFO  org.apache.coyote.http11.Http11NioProtocol - Initializing ProtocolHandler ["http-nio-8084"]
2019-04-25 16:01:59.009 [main] INFO  org.apache.catalina.core.StandardService - Starting service [Tomcat]
2019-04-25 16:01:59.010 [main] INFO  org.apache.catalina.core.StandardEngine - Starting Servlet engine: [Apache Tomcat/9.0.16]
2019-04-25 16:01:59.022 [main] INFO  org.apache.catalina.core.AprLifecycleListener - The APR based Apache Tomcat Native library which allows optimal performance in production environments was not found on the java.library.path: [C:\Program Files\Java\jdk1.8.0_191\bin;C:\windows\Sun\Java\bin;C:\windows\system32;C:\windows;C:\Program Files (x86)\Common Files\Oracle\Java\javapath;C:\windows\system32;C:\windows;C:\windows\System32\Wbem;C:\windows\System32\WindowsPowerShell\v1.0\;C:\Program Files (x86)\Symantec\VIP Access Client\;C:\Program Files\Java\jdk1.8.0_191\bin;C:\Program Files\Java\jdk1.8.0_191\jre\bin;C:\Program Files\MySQL\MySQL Server 5.5\bin;C:\Maven\apache-maven-3.6.0\bin;C:\Tools\Tool_git\Git\cmd;C:\Tools\Python\Python37\Scripts\;C:\Tools\Python\Python37\;C:\Users\ychen205\AppData\Local\Microsoft\WindowsApps;;C:\Program Files\JetBrains\IntelliJ IDEA 2018.3.1\bin;;.]
2019-04-25 16:01:59.377 [main] INFO  o.a.c.core.ContainerBase.[Tomcat].[localhost].[/] - Initializing Spring embedded WebApplicationContext
2019-04-25 16:01:59.378 [main] INFO  org.springframework.web.context.ContextLoader - Root WebApplicationContext: initialization completed in 2256 ms
2019-04-25 16:01:59.949 [main] INFO  o.s.scheduling.concurrent.ThreadPoolTaskExecutor - Initializing ExecutorService 'applicationTaskExecutor'
2019-04-25 16:02:00.384 [main] INFO  org.apache.coyote.http11.Http11NioProtocol - Starting ProtocolHandler ["http-nio-8084"]
2019-04-25 16:02:00.513 [main] INFO  o.s.boot.web.embedded.tomcat.TomcatWebServer - Tomcat started on port(s): 8084 (http) with context path ''
2019-04-25 16:02:00.521 [main] INFO  cn.myshop.MyshopApplication - Started MyshopApplication in 4.156 seconds (JVM running for 5.479)
2019-04-25 16:02:07.625 [http-nio-8084-exec-2] INFO  o.a.c.core.ContainerBase.[Tomcat].[localhost].[/] - Initializing Spring DispatcherServlet 'dispatcherServlet'
2019-04-25 16:02:07.626 [http-nio-8084-exec-2] INFO  org.springframework.web.servlet.DispatcherServlet - Initializing Servlet 'dispatcherServlet'
2019-04-25 16:02:07.638 [http-nio-8084-exec-2] INFO  org.springframework.web.servlet.DispatcherServlet - Completed initialization in 12 ms
2019-04-25 16:02:09.318 [http-nio-8084-exec-3] INFO  com.zaxxer.hikari.HikariDataSource - HikariPool-1 - Starting...
2019-04-25 16:02:09.475 [http-nio-8084-exec-3] INFO  com.zaxxer.hikari.HikariDataSource - HikariPool-1 - Start completed.
2019-04-25 16:02:25.797 [main] INFO  cn.myshop.MyshopApplication - Starting MyshopApplication on CN5CG839314H with PID 2492 (C:\Users\ychen205\IdeaProjects\myshop\target\classes started by ychen205 in C:\Users\ychen205\IdeaProjects\myshop)
2019-04-25 16:02:25.803 [main] INFO  cn.myshop.MyshopApplication - No active profile set, falling back to default profiles: default
2019-04-25 16:02:27.446 [main] INFO  o.s.boot.web.embedded.tomcat.TomcatWebServer - Tomcat initialized with port(s): 8084 (http)
2019-04-25 16:02:27.462 [main] INFO  org.apache.coyote.http11.Http11NioProtocol - Initializing ProtocolHandler ["http-nio-8084"]
2019-04-25 16:02:27.472 [main] INFO  org.apache.catalina.core.StandardService - Starting service [Tomcat]
2019-04-25 16:02:27.473 [main] INFO  org.apache.catalina.core.StandardEngine - Starting Servlet engine: [Apache Tomcat/9.0.16]
2019-04-25 16:02:27.479 [main] INFO  org.apache.catalina.core.AprLifecycleListener - The APR based Apache Tomcat Native library which allows optimal performance in production environments was not found on the java.library.path: [C:\Program Files\Java\jdk1.8.0_191\bin;C:\windows\Sun\Java\bin;C:\windows\system32;C:\windows;C:\Program Files (x86)\Common Files\Oracle\Java\javapath;C:\windows\system32;C:\windows;C:\windows\System32\Wbem;C:\windows\System32\WindowsPowerShell\v1.0\;C:\Program Files (x86)\Symantec\VIP Access Client\;C:\Program Files\Java\jdk1.8.0_191\bin;C:\Program Files\Java\jdk1.8.0_191\jre\bin;C:\Program Files\MySQL\MySQL Server 5.5\bin;C:\Maven\apache-maven-3.6.0\bin;C:\Tools\Tool_git\Git\cmd;C:\Tools\Python\Python37\Scripts\;C:\Tools\Python\Python37\;C:\Users\ychen205\AppData\Local\Microsoft\WindowsApps;;C:\Program Files\JetBrains\IntelliJ IDEA 2018.3.1\bin;;.]
2019-04-25 16:02:27.665 [main] INFO  o.a.c.core.ContainerBase.[Tomcat].[localhost].[/] - Initializing Spring embedded WebApplicationContext
2019-04-25 16:02:27.666 [main] INFO  org.springframework.web.context.ContextLoader - Root WebApplicationContext: initialization completed in 1780 ms
2019-04-25 16:02:28.108 [main] INFO  o.s.scheduling.concurrent.ThreadPoolTaskExecutor - Initializing ExecutorService 'applicationTaskExecutor'
2019-04-25 16:02:28.343 [main] INFO  org.apache.coyote.http11.Http11NioProtocol - Starting ProtocolHandler ["http-nio-8084"]
2019-04-25 16:02:28.437 [main] INFO  o.s.boot.web.embedded.tomcat.TomcatWebServer - Tomcat started on port(s): 8084 (http) with context path ''
2019-04-25 16:02:28.440 [main] INFO  cn.myshop.MyshopApplication - Started MyshopApplication in 3.225 seconds (JVM running for 4.398)
2019-04-25 16:02:55.111 [http-nio-8084-exec-1] INFO  o.a.c.core.ContainerBase.[Tomcat].[localhost].[/] - Initializing Spring DispatcherServlet 'dispatcherServlet'
2019-04-25 16:02:55.112 [http-nio-8084-exec-1] INFO  org.springframework.web.servlet.DispatcherServlet - Initializing Servlet 'dispatcherServlet'
2019-04-25 16:02:55.121 [http-nio-8084-exec-1] INFO  org.springframework.web.servlet.DispatcherServlet - Completed initialization in 9 ms
2019-04-25 16:02:56.618 [http-nio-8084-exec-3] INFO  com.zaxxer.hikari.HikariDataSource - HikariPool-1 - Starting...
2019-04-25 16:02:56.774 [http-nio-8084-exec-3] INFO  com.zaxxer.hikari.HikariDataSource - HikariPool-1 - Start completed.
2019-04-25 16:04:31.318 [main] INFO  cn.myshop.MyshopApplication - Starting MyshopApplication on CN5CG839314H with PID 51272 (C:\Users\ychen205\IdeaProjects\myshop\target\classes started by ychen205 in C:\Users\ychen205\IdeaProjects\myshop)
2019-04-25 16:04:31.322 [main] INFO  cn.myshop.MyshopApplication - No active profile set, falling back to default profiles: default
2019-04-25 16:04:33.198 [main] INFO  o.s.boot.web.embedded.tomcat.TomcatWebServer - Tomcat initialized with port(s): 8084 (http)
2019-04-25 16:04:33.216 [main] INFO  org.apache.coyote.http11.Http11NioProtocol - Initializing ProtocolHandler ["http-nio-8084"]
2019-04-25 16:04:33.236 [main] INFO  org.apache.catalina.core.StandardService - Starting service [Tomcat]
2019-04-25 16:04:33.237 [main] INFO  org.apache.catalina.core.StandardEngine - Starting Servlet engine: [Apache Tomcat/9.0.16]
2019-04-25 16:04:33.248 [main] INFO  org.apache.catalina.core.AprLifecycleListener - The APR based Apache Tomcat Native library which allows optimal performance in production environments was not found on the java.library.path: [C:\Program Files\Java\jdk1.8.0_191\bin;C:\windows\Sun\Java\bin;C:\windows\system32;C:\windows;C:\Program Files (x86)\Common Files\Oracle\Java\javapath;C:\windows\system32;C:\windows;C:\windows\System32\Wbem;C:\windows\System32\WindowsPowerShell\v1.0\;C:\Program Files (x86)\Symantec\VIP Access Client\;C:\Program Files\Java\jdk1.8.0_191\bin;C:\Program Files\Java\jdk1.8.0_191\jre\bin;C:\Program Files\MySQL\MySQL Server 5.5\bin;C:\Maven\apache-maven-3.6.0\bin;C:\Tools\Tool_git\Git\cmd;C:\Tools\Python\Python37\Scripts\;C:\Tools\Python\Python37\;C:\Users\ychen205\AppData\Local\Microsoft\WindowsApps;;C:\Program Files\JetBrains\IntelliJ IDEA 2018.3.1\bin;;.]
2019-04-25 16:04:33.491 [main] INFO  o.a.c.core.ContainerBase.[Tomcat].[localhost].[/] - Initializing Spring embedded WebApplicationContext
2019-04-25 16:04:33.492 [main] INFO  org.springframework.web.context.ContextLoader - Root WebApplicationContext: initialization completed in 2118 ms
2019-04-25 16:04:34.128 [main] INFO  o.s.scheduling.concurrent.ThreadPoolTaskExecutor - Initializing ExecutorService 'applicationTaskExecutor'
2019-04-25 16:04:34.490 [main] INFO  org.apache.coyote.http11.Http11NioProtocol - Starting ProtocolHandler ["http-nio-8084"]
2019-04-25 16:04:34.609 [main] INFO  o.s.boot.web.embedded.tomcat.TomcatWebServer - Tomcat started on port(s): 8084 (http) with context path ''
2019-04-25 16:04:34.614 [main] INFO  cn.myshop.MyshopApplication - Started MyshopApplication in 3.883 seconds (JVM running for 5.346)
2019-04-25 16:04:34.704 [http-nio-8084-exec-1] INFO  o.a.c.core.ContainerBase.[Tomcat].[localhost].[/] - Initializing Spring DispatcherServlet 'dispatcherServlet'
2019-04-25 16:04:34.705 [http-nio-8084-exec-1] INFO  org.springframework.web.servlet.DispatcherServlet - Initializing Servlet 'dispatcherServlet'
2019-04-25 16:04:34.718 [http-nio-8084-exec-1] INFO  org.springframework.web.servlet.DispatcherServlet - Completed initialization in 12 ms
2019-04-25 16:04:36.787 [http-nio-8084-exec-3] INFO  com.zaxxer.hikari.HikariDataSource - HikariPool-1 - Starting...
2019-04-25 16:04:36.958 [http-nio-8084-exec-3] INFO  com.zaxxer.hikari.HikariDataSource - HikariPool-1 - Start completed.
2019-04-25 16:05:16.991 [main] INFO  cn.myshop.MyshopApplication - Starting MyshopApplication on CN5CG839314H with PID 32208 (C:\Users\ychen205\IdeaProjects\myshop\target\classes started by ychen205 in C:\Users\ychen205\IdeaProjects\myshop)
2019-04-25 16:05:16.996 [main] INFO  cn.myshop.MyshopApplication - No active profile set, falling back to default profiles: default
2019-04-25 16:05:18.796 [main] INFO  o.s.boot.web.embedded.tomcat.TomcatWebServer - Tomcat initialized with port(s): 8084 (http)
2019-04-25 16:05:18.818 [main] INFO  org.apache.coyote.http11.Http11NioProtocol - Initializing ProtocolHandler ["http-nio-8084"]
2019-04-25 16:05:18.832 [main] INFO  org.apache.catalina.core.StandardService - Starting service [Tomcat]
2019-04-25 16:05:18.833 [main] INFO  org.apache.catalina.core.StandardEngine - Starting Servlet engine: [Apache Tomcat/9.0.16]
2019-04-25 16:05:18.850 [main] INFO  org.apache.catalina.core.AprLifecycleListener - The APR based Apache Tomcat Native library which allows optimal performance in production environments was not found on the java.library.path: [C:\Program Files\Java\jdk1.8.0_191\bin;C:\windows\Sun\Java\bin;C:\windows\system32;C:\windows;C:\Program Files (x86)\Common Files\Oracle\Java\javapath;C:\windows\system32;C:\windows;C:\windows\System32\Wbem;C:\windows\System32\WindowsPowerShell\v1.0\;C:\Program Files (x86)\Symantec\VIP Access Client\;C:\Program Files\Java\jdk1.8.0_191\bin;C:\Program Files\Java\jdk1.8.0_191\jre\bin;C:\Program Files\MySQL\MySQL Server 5.5\bin;C:\Maven\apache-maven-3.6.0\bin;C:\Tools\Tool_git\Git\cmd;C:\Tools\Python\Python37\Scripts\;C:\Tools\Python\Python37\;C:\Users\ychen205\AppData\Local\Microsoft\WindowsApps;;C:\Program Files\JetBrains\IntelliJ IDEA 2018.3.1\bin;;.]
2019-04-25 16:05:19.123 [main] INFO  o.a.c.core.ContainerBase.[Tomcat].[localhost].[/] - Initializing Spring embedded WebApplicationContext
2019-04-25 16:05:19.124 [main] INFO  org.springframework.web.context.ContextLoader - Root WebApplicationContext: initialization completed in 2048 ms
2019-04-25 16:05:19.703 [main] INFO  o.s.scheduling.concurrent.ThreadPoolTaskExecutor - Initializing ExecutorService 'applicationTaskExecutor'
2019-04-25 16:05:20.069 [main] INFO  org.apache.coyote.http11.Http11NioProtocol - Starting ProtocolHandler ["http-nio-8084"]
2019-04-25 16:05:20.201 [main] INFO  o.s.boot.web.embedded.tomcat.TomcatWebServer - Tomcat started on port(s): 8084 (http) with context path ''
2019-04-25 16:05:20.206 [main] INFO  cn.myshop.MyshopApplication - Started MyshopApplication in 3.853 seconds (JVM running for 5.283)
2019-04-25 16:05:40.398 [http-nio-8084-exec-1] INFO  o.a.c.core.ContainerBase.[Tomcat].[localhost].[/] - Initializing Spring DispatcherServlet 'dispatcherServlet'
2019-04-25 16:05:40.399 [http-nio-8084-exec-1] INFO  org.springframework.web.servlet.DispatcherServlet - Initializing Servlet 'dispatcherServlet'
2019-04-25 16:05:40.411 [http-nio-8084-exec-1] INFO  org.springframework.web.servlet.DispatcherServlet - Completed initialization in 11 ms
2019-04-25 16:05:42.244 [http-nio-8084-exec-2] INFO  com.zaxxer.hikari.HikariDataSource - HikariPool-1 - Starting...
2019-04-25 16:05:42.391 [http-nio-8084-exec-2] INFO  com.zaxxer.hikari.HikariDataSource - HikariPool-1 - Start completed.
2019-04-25 16:41:55.032 [main] INFO  cn.myshop.MyshopApplication - Starting MyshopApplication on CN5CG839314H with PID 2760 (C:\Users\ychen205\IdeaProjects\myshop\target\classes started by ychen205 in C:\Users\ychen205\IdeaProjects\myshop)
2019-04-25 16:41:55.038 [main] INFO  cn.myshop.MyshopApplication - No active profile set, falling back to default profiles: default
2019-04-25 16:41:56.731 [main] INFO  o.s.boot.web.embedded.tomcat.TomcatWebServer - Tomcat initialized with port(s): 8084 (http)
2019-04-25 16:41:56.753 [main] INFO  org.apache.coyote.http11.Http11NioProtocol - Initializing ProtocolHandler ["http-nio-8084"]
2019-04-25 16:41:56.765 [main] INFO  org.apache.catalina.core.StandardService - Starting service [Tomcat]
2019-04-25 16:41:56.765 [main] INFO  org.apache.catalina.core.StandardEngine - Starting Servlet engine: [Apache Tomcat/9.0.16]
2019-04-25 16:41:56.773 [main] INFO  org.apache.catalina.core.AprLifecycleListener - The APR based Apache Tomcat Native library which allows optimal performance in production environments was not found on the java.library.path: [C:\Program Files\Java\jdk1.8.0_191\bin;C:\windows\Sun\Java\bin;C:\windows\system32;C:\windows;C:\Program Files (x86)\Common Files\Oracle\Java\javapath;C:\windows\system32;C:\windows;C:\windows\System32\Wbem;C:\windows\System32\WindowsPowerShell\v1.0\;C:\Program Files (x86)\Symantec\VIP Access Client\;C:\Program Files\Java\jdk1.8.0_191\bin;C:\Program Files\Java\jdk1.8.0_191\jre\bin;C:\Program Files\MySQL\MySQL Server 5.5\bin;C:\Maven\apache-maven-3.6.0\bin;C:\Tools\Tool_git\Git\cmd;C:\Tools\Python\Python37\Scripts\;C:\Tools\Python\Python37\;C:\Users\ychen205\AppData\Local\Microsoft\WindowsApps;;C:\Program Files\JetBrains\IntelliJ IDEA 2018.3.1\bin;;.]
2019-04-25 16:41:56.990 [main] INFO  o.a.c.core.ContainerBase.[Tomcat].[localhost].[/] - Initializing Spring embedded WebApplicationContext
2019-04-25 16:41:56.992 [main] INFO  org.springframework.web.context.ContextLoader - Root WebApplicationContext: initialization completed in 1883 ms
2019-04-25 16:41:57.472 [main] INFO  o.s.scheduling.concurrent.ThreadPoolTaskExecutor - Initializing ExecutorService 'applicationTaskExecutor'
2019-04-25 16:41:57.741 [main] INFO  org.apache.coyote.http11.Http11NioProtocol - Starting ProtocolHandler ["http-nio-8084"]
2019-04-25 16:41:57.838 [main] INFO  o.s.boot.web.embedded.tomcat.TomcatWebServer - Tomcat started on port(s): 8084 (http) with context path ''
2019-04-25 16:41:57.842 [main] INFO  cn.myshop.MyshopApplication - Started MyshopApplication in 3.615 seconds (JVM running for 5.111)
2019-04-25 16:42:11.718 [http-nio-8084-exec-1] INFO  o.a.c.core.ContainerBase.[Tomcat].[localhost].[/] - Initializing Spring DispatcherServlet 'dispatcherServlet'
2019-04-25 16:42:11.719 [http-nio-8084-exec-1] INFO  org.springframework.web.servlet.DispatcherServlet - Initializing Servlet 'dispatcherServlet'
2019-04-25 16:42:11.728 [http-nio-8084-exec-1] INFO  org.springframework.web.servlet.DispatcherServlet - Completed initialization in 8 ms
2019-04-25 16:42:14.436 [http-nio-8084-exec-3] INFO  com.zaxxer.hikari.HikariDataSource - HikariPool-1 - Starting...
2019-04-25 16:42:14.624 [http-nio-8084-exec-3] INFO  com.zaxxer.hikari.HikariDataSource - HikariPool-1 - Start completed.
