2019-04-29 16:18:08.534 [main] INFO  cn.myshop.MyshopApplication - Starting MyshopApplication on ZMVN4T8LWFXJUDF with PID 14800 (C:\Users\Administrator\IdeaProjects\myshop\target\classes started by Administrator in C:\Users\Administrator\IdeaProjects\myshop)
2019-04-29 16:18:08.660 [main] INFO  cn.myshop.MyshopApplication - No active profile set, falling back to default profiles: default
2019-04-29 16:18:10.486 [main] INFO  o.s.boot.web.embedded.tomcat.TomcatWebServer - Tomcat initialized with port(s): 8084 (http)
2019-04-29 16:18:10.500 [main] INFO  org.apache.coyote.http11.Http11NioProtocol - Initializing ProtocolHandler ["http-nio-8084"]
2019-04-29 16:18:10.509 [main] INFO  org.apache.catalina.core.StandardService - Starting service [Tomcat]
2019-04-29 16:18:10.510 [main] INFO  org.apache.catalina.core.StandardEngine - Starting Servlet engine: [Apache Tomcat/9.0.16]
2019-04-29 16:18:10.518 [main] INFO  org.apache.catalina.core.AprLifecycleListener - The APR based Apache Tomcat Native library which allows optimal performance in production environments was not found on the java.library.path: [D:\code softwore\Java\jdk1.8.0_201\bin;C:\Windows\Sun\Java\bin;C:\Windows\system32;C:\Windows;C:\Windows\system32;C:\Windows;C:\Windows\System32\Wbem;C:\Windows\System32\WindowsPowerShell\v1.0\;D:\code softwore\Java\jdk1.8.0_201\bin;D:\code softwore\Java\jdk1.8.0_201\jre\bin;D:\code softwore\apache-maven-3.6.0\bin;C:\MyTools\Git\cmd;D:\code softwore\mysql-5.7.25-winx64;;.]
2019-04-29 16:18:10.625 [main] INFO  o.a.c.core.ContainerBase.[Tomcat].[localhost].[/] - Initializing Spring embedded WebApplicationContext
2019-04-29 16:18:10.625 [main] INFO  org.springframework.web.context.ContextLoader - Root WebApplicationContext: initialization completed in 1878 ms
2019-04-29 16:18:11.135 [main] INFO  o.s.scheduling.concurrent.ThreadPoolTaskExecutor - Initializing ExecutorService 'applicationTaskExecutor'
2019-04-29 16:18:11.417 [main] INFO  org.apache.coyote.http11.Http11NioProtocol - Starting ProtocolHandler ["http-nio-8084"]
2019-04-29 16:18:11.564 [main] INFO  o.s.boot.web.embedded.tomcat.TomcatWebServer - Tomcat started on port(s): 8084 (http) with context path ''
2019-04-29 16:18:11.568 [main] INFO  cn.myshop.MyshopApplication - Started MyshopApplication in 4.318 seconds (JVM running for 5.639)
2019-04-29 16:18:23.518 [http-nio-8084-exec-1] INFO  o.a.c.core.ContainerBase.[Tomcat].[localhost].[/] - Initializing Spring DispatcherServlet 'dispatcherServlet'
2019-04-29 16:18:23.519 [http-nio-8084-exec-1] INFO  org.springframework.web.servlet.DispatcherServlet - Initializing Servlet 'dispatcherServlet'
2019-04-29 16:18:23.527 [http-nio-8084-exec-1] INFO  org.springframework.web.servlet.DispatcherServlet - Completed initialization in 8 ms
2019-04-29 16:18:54.365 [main] INFO  cn.myshop.MyshopApplication - Starting MyshopApplication on ZMVN4T8LWFXJUDF with PID 11500 (C:\Users\Administrator\IdeaProjects\myshop\target\classes started by Administrator in C:\Users\Administrator\IdeaProjects\myshop)
2019-04-29 16:18:54.389 [main] INFO  cn.myshop.MyshopApplication - No active profile set, falling back to default profiles: default
2019-04-29 16:18:56.337 [main] INFO  o.s.boot.web.embedded.tomcat.TomcatWebServer - Tomcat initialized with port(s): 8084 (http)
2019-04-29 16:18:56.352 [main] INFO  org.apache.coyote.http11.Http11NioProtocol - Initializing ProtocolHandler ["http-nio-8084"]
2019-04-29 16:18:56.363 [main] INFO  org.apache.catalina.core.StandardService - Starting service [Tomcat]
2019-04-29 16:18:56.363 [main] INFO  org.apache.catalina.core.StandardEngine - Starting Servlet engine: [Apache Tomcat/9.0.16]
2019-04-29 16:18:56.371 [main] INFO  org.apache.catalina.core.AprLifecycleListener - The APR based Apache Tomcat Native library which allows optimal performance in production environments was not found on the java.library.path: [D:\code softwore\Java\jdk1.8.0_201\bin;C:\Windows\Sun\Java\bin;C:\Windows\system32;C:\Windows;C:\Windows\system32;C:\Windows;C:\Windows\System32\Wbem;C:\Windows\System32\WindowsPowerShell\v1.0\;D:\code softwore\Java\jdk1.8.0_201\bin;D:\code softwore\Java\jdk1.8.0_201\jre\bin;D:\code softwore\apache-maven-3.6.0\bin;C:\MyTools\Git\cmd;D:\code softwore\mysql-5.7.25-winx64;;.]
2019-04-29 16:18:56.476 [main] INFO  o.a.c.core.ContainerBase.[Tomcat].[localhost].[/] - Initializing Spring embedded WebApplicationContext
2019-04-29 16:18:56.477 [main] INFO  org.springframework.web.context.ContextLoader - Root WebApplicationContext: initialization completed in 2025 ms
2019-04-29 16:18:56.970 [main] INFO  o.s.scheduling.concurrent.ThreadPoolTaskExecutor - Initializing ExecutorService 'applicationTaskExecutor'
2019-04-29 16:18:57.208 [main] INFO  org.apache.coyote.http11.Http11NioProtocol - Starting ProtocolHandler ["http-nio-8084"]
2019-04-29 16:18:57.361 [main] INFO  o.s.boot.web.embedded.tomcat.TomcatWebServer - Tomcat started on port(s): 8084 (http) with context path ''
2019-04-29 16:18:57.365 [main] INFO  cn.myshop.MyshopApplication - Started MyshopApplication in 3.876 seconds (JVM running for 5.161)
2019-04-29 16:19:12.015 [http-nio-8084-exec-1] INFO  o.a.c.core.ContainerBase.[Tomcat].[localhost].[/] - Initializing Spring DispatcherServlet 'dispatcherServlet'
2019-04-29 16:19:12.016 [http-nio-8084-exec-1] INFO  org.springframework.web.servlet.DispatcherServlet - Initializing Servlet 'dispatcherServlet'
2019-04-29 16:19:12.028 [http-nio-8084-exec-1] INFO  org.springframework.web.servlet.DispatcherServlet - Completed initialization in 12 ms
2019-04-29 16:19:27.538 [http-nio-8084-exec-4] INFO  com.zaxxer.hikari.HikariDataSource - HikariPool-1 - Starting...
2019-04-29 16:19:27.642 [http-nio-8084-exec-4] INFO  com.zaxxer.hikari.HikariDataSource - HikariPool-1 - Start completed.
2019-04-29 16:20:05.953 [main] INFO  cn.myshop.MyshopApplication - Starting MyshopApplication on ZMVN4T8LWFXJUDF with PID 11908 (C:\Users\Administrator\IdeaProjects\myshop\target\classes started by Administrator in C:\Users\Administrator\IdeaProjects\myshop)
2019-04-29 16:20:05.957 [main] INFO  cn.myshop.MyshopApplication - No active profile set, falling back to default profiles: default
2019-04-29 16:20:07.610 [main] INFO  o.s.boot.web.embedded.tomcat.TomcatWebServer - Tomcat initialized with port(s): 8084 (http)
2019-04-29 16:20:07.630 [main] INFO  org.apache.coyote.http11.Http11NioProtocol - Initializing ProtocolHandler ["http-nio-8084"]
2019-04-29 16:20:07.650 [main] INFO  org.apache.catalina.core.StandardService - Starting service [Tomcat]
2019-04-29 16:20:07.650 [main] INFO  org.apache.catalina.core.StandardEngine - Starting Servlet engine: [Apache Tomcat/9.0.16]
2019-04-29 16:20:07.658 [main] INFO  org.apache.catalina.core.AprLifecycleListener - The APR based Apache Tomcat Native library which allows optimal performance in production environments was not found on the java.library.path: [D:\code softwore\Java\jdk1.8.0_201\bin;C:\Windows\Sun\Java\bin;C:\Windows\system32;C:\Windows;C:\Windows\system32;C:\Windows;C:\Windows\System32\Wbem;C:\Windows\System32\WindowsPowerShell\v1.0\;D:\code softwore\Java\jdk1.8.0_201\bin;D:\code softwore\Java\jdk1.8.0_201\jre\bin;D:\code softwore\apache-maven-3.6.0\bin;C:\MyTools\Git\cmd;D:\code softwore\mysql-5.7.25-winx64;;.]
2019-04-29 16:20:07.786 [main] INFO  o.a.c.core.ContainerBase.[Tomcat].[localhost].[/] - Initializing Spring embedded WebApplicationContext
2019-04-29 16:20:07.788 [main] INFO  org.springframework.web.context.ContextLoader - Root WebApplicationContext: initialization completed in 1775 ms
2019-04-29 16:20:08.325 [main] INFO  o.s.scheduling.concurrent.ThreadPoolTaskExecutor - Initializing ExecutorService 'applicationTaskExecutor'
2019-04-29 16:20:08.584 [main] INFO  org.apache.coyote.http11.Http11NioProtocol - Starting ProtocolHandler ["http-nio-8084"]
2019-04-29 16:20:08.720 [main] INFO  o.s.boot.web.embedded.tomcat.TomcatWebServer - Tomcat started on port(s): 8084 (http) with context path ''
2019-04-29 16:20:08.725 [main] INFO  cn.myshop.MyshopApplication - Started MyshopApplication in 3.654 seconds (JVM running for 5.048)
2019-04-29 16:20:13.000 [http-nio-8084-exec-1] INFO  o.a.c.core.ContainerBase.[Tomcat].[localhost].[/] - Initializing Spring DispatcherServlet 'dispatcherServlet'
2019-04-29 16:20:13.001 [http-nio-8084-exec-1] INFO  org.springframework.web.servlet.DispatcherServlet - Initializing Servlet 'dispatcherServlet'
2019-04-29 16:20:13.008 [http-nio-8084-exec-1] INFO  org.springframework.web.servlet.DispatcherServlet - Completed initialization in 7 ms
2019-04-29 16:20:13.050 [http-nio-8084-exec-1] INFO  com.zaxxer.hikari.HikariDataSource - HikariPool-1 - Starting...
2019-04-29 16:20:13.162 [http-nio-8084-exec-1] INFO  com.zaxxer.hikari.HikariDataSource - HikariPool-1 - Start completed.
